{"/home/travis/build/npmtest/node-npmtest-alexa-app/test.js":{"path":"/home/travis/build/npmtest/node-npmtest-alexa-app/test.js","s":{"1":2,"2":2,"3":2,"4":2,"5":2,"6":2,"7":2,"8":1,"9":2,"10":2,"11":1,"12":1,"13":1,"14":1,"15":2,"16":2,"17":2,"18":2,"19":1,"20":1,"21":2,"22":2,"23":2,"24":1,"25":1,"26":1,"27":1,"28":1,"29":1,"30":1,"31":1,"32":1,"33":1,"34":1,"35":1,"36":1,"37":1,"38":1,"39":2,"40":2,"41":1,"42":2,"43":2,"44":1,"45":2,"46":2,"47":1,"48":2,"49":2,"50":1,"51":1,"52":1,"53":1,"54":1},"b":{"1":[2,1,1,1],"2":[1,1,1,1],"3":[1,1],"4":[1,1],"5":[1,1],"6":[1,1],"7":[1,1],"8":[1,1],"9":[1,1],"10":[1,1,1],"11":[1,1],"12":[1,1],"13":[1,1],"14":[1,1],"15":[1,1],"16":[1,1],"17":[1,1]},"f":{"1":2,"2":2,"3":2,"4":2,"5":2,"6":1,"7":1,"8":1,"9":2,"10":2,"11":2,"12":2,"13":1},"fnMap":{"1":{"name":"(anonymous_1)","line":12,"loc":{"start":{"line":12,"column":1},"end":{"line":12,"column":13}}},"2":{"name":"(anonymous_2)","line":19,"loc":{"start":{"line":19,"column":5},"end":{"line":19,"column":17}}},"3":{"name":"(anonymous_3)","line":23,"loc":{"start":{"line":23,"column":24},"end":{"line":23,"column":36}}},"4":{"name":"(anonymous_4)","line":61,"loc":{"start":{"line":61,"column":5},"end":{"line":61,"column":17}}},"5":{"name":"(anonymous_5)","line":82,"loc":{"start":{"line":82,"column":5},"end":{"line":82,"column":17}}},"6":{"name":"(anonymous_6)","line":91,"loc":{"start":{"line":91,"column":77},"end":{"line":94,"column":10}}},"7":{"name":"(anonymous_7)","line":112,"loc":{"start":{"line":112,"column":83},"end":{"line":115,"column":10}},"skip":true},"8":{"name":"(anonymous_8)","line":123,"loc":{"start":{"line":123,"column":77},"end":{"line":126,"column":10}},"skip":true},"9":{"name":"(anonymous_9)","line":139,"loc":{"start":{"line":139,"column":12},"end":{"line":139,"column":40}},"skip":true},"10":{"name":"(anonymous_10)","line":147,"loc":{"start":{"line":147,"column":77},"end":{"line":150,"column":10}},"skip":true},"11":{"name":"(anonymous_11)","line":158,"loc":{"start":{"line":158,"column":83},"end":{"line":161,"column":10}},"skip":true},"12":{"name":"(anonymous_12)","line":169,"loc":{"start":{"line":169,"column":79},"end":{"line":172,"column":10}},"skip":true},"13":{"name":"(anonymous_13)","line":180,"loc":{"start":{"line":180,"column":75},"end":{"line":183,"column":10}},"skip":true}},"statementMap":{"1":{"start":{"line":12,"column":0},"end":{"line":195,"column":5}},"2":{"start":{"line":14,"column":4},"end":{"line":14,"column":14}},"3":{"start":{"line":19,"column":4},"end":{"line":56,"column":9}},"4":{"start":{"line":21,"column":8},"end":{"line":21,"column":19}},"5":{"start":{"line":23,"column":8},"end":{"line":35,"column":13}},"6":{"start":{"line":24,"column":12},"end":{"line":34,"column":13}},"7":{"start":{"line":25,"column":16},"end":{"line":28,"column":30}},"8":{"start":{"line":30,"column":16},"end":{"line":33,"column":27}},"9":{"start":{"line":37,"column":8},"end":{"line":39,"column":21}},"10":{"start":{"line":40,"column":8},"end":{"line":53,"column":9}},"11":{"start":{"line":43,"column":12},"end":{"line":46,"column":14}},"12":{"start":{"line":47,"column":12},"end":{"line":47,"column":18}},"13":{"start":{"line":50,"column":12},"end":{"line":51,"column":33}},"14":{"start":{"line":52,"column":12},"end":{"line":52,"column":18}},"15":{"start":{"line":55,"column":8},"end":{"line":55,"column":35}},"16":{"start":{"line":61,"column":4},"end":{"line":63,"column":9}},"17":{"start":{"line":62,"column":8},"end":{"line":62,"column":15}},"18":{"start":{"line":64,"column":4},"end":{"line":77,"column":5}},"19":{"start":{"line":70,"column":8},"end":{"line":70,"column":14}},"20":{"start":{"line":76,"column":8},"end":{"line":76,"column":14}},"21":{"start":{"line":82,"column":4},"end":{"line":84,"column":9}},"22":{"start":{"line":83,"column":8},"end":{"line":83,"column":15}},"23":{"start":{"line":85,"column":4},"end":{"line":194,"column":5}},"24":{"start":{"line":91,"column":8},"end":{"line":99,"column":10}},"25":{"start":{"line":98,"column":12},"end":{"line":98,"column":35}},"26":{"start":{"line":102,"column":8},"end":{"line":104,"column":63}},"27":{"start":{"line":105,"column":8},"end":{"line":105,"column":14}},"28":{"start":{"line":112,"column":8},"end":{"line":121,"column":10},"skip":true},"29":{"start":{"line":119,"column":12},"end":{"line":119,"column":55},"skip":true},"30":{"start":{"line":120,"column":12},"end":{"line":120,"column":48},"skip":true},"31":{"start":{"line":123,"column":8},"end":{"line":136,"column":10},"skip":true},"32":{"start":{"line":130,"column":12},"end":{"line":130,"column":76},"skip":true},"33":{"start":{"line":131,"column":12},"end":{"line":131,"column":73},"skip":true},"34":{"start":{"line":132,"column":12},"end":{"line":132,"column":74},"skip":true},"35":{"start":{"line":133,"column":12},"end":{"line":133,"column":79},"skip":true},"36":{"start":{"line":134,"column":12},"end":{"line":134,"column":25},"skip":true},"37":{"start":{"line":135,"column":12},"end":{"line":135,"column":45},"skip":true},"38":{"start":{"line":138,"column":8},"end":{"line":145,"column":14},"skip":true},"39":{"start":{"line":143,"column":16},"end":{"line":143,"column":29},"skip":true},"40":{"start":{"line":144,"column":16},"end":{"line":144,"column":55},"skip":true},"41":{"start":{"line":147,"column":8},"end":{"line":156,"column":10},"skip":true},"42":{"start":{"line":154,"column":12},"end":{"line":154,"column":25},"skip":true},"43":{"start":{"line":155,"column":12},"end":{"line":155,"column":45},"skip":true},"44":{"start":{"line":158,"column":8},"end":{"line":167,"column":10},"skip":true},"45":{"start":{"line":165,"column":12},"end":{"line":165,"column":25},"skip":true},"46":{"start":{"line":166,"column":12},"end":{"line":166,"column":48},"skip":true},"47":{"start":{"line":169,"column":8},"end":{"line":178,"column":10},"skip":true},"48":{"start":{"line":176,"column":12},"end":{"line":176,"column":25},"skip":true},"49":{"start":{"line":177,"column":12},"end":{"line":177,"column":46},"skip":true},"50":{"start":{"line":180,"column":8},"end":{"line":189,"column":10},"skip":true},"51":{"start":{"line":187,"column":12},"end":{"line":187,"column":94},"skip":true},"52":{"start":{"line":188,"column":12},"end":{"line":188,"column":48},"skip":true},"53":{"start":{"line":192,"column":8},"end":{"line":192,"column":35},"skip":true},"54":{"start":{"line":193,"column":8},"end":{"line":193,"column":14},"skip":true}},"branchMap":{"1":{"line":25,"type":"binary-expr","locations":[{"start":{"line":25,"column":23},"end":{"line":25,"column":62}},{"start":{"line":26,"column":20},"end":{"line":26,"column":70}},{"start":{"line":27,"column":20},"end":{"line":27,"column":71}},{"start":{"line":28,"column":20},"end":{"line":28,"column":29}}]},"2":{"line":30,"type":"binary-expr","locations":[{"start":{"line":30,"column":23},"end":{"line":30,"column":37}},{"start":{"line":31,"column":20},"end":{"line":31,"column":61}},{"start":{"line":32,"column":20},"end":{"line":32,"column":70}},{"start":{"line":33,"column":20},"end":{"line":33,"column":26}}]},"3":{"line":37,"type":"cond-expr","locations":[{"start":{"line":38,"column":14},"end":{"line":38,"column":20}},{"start":{"line":39,"column":14},"end":{"line":39,"column":20}}]},"4":{"line":40,"type":"switch","locations":[{"start":{"line":42,"column":8},"end":{"line":47,"column":18}},{"start":{"line":49,"column":8},"end":{"line":52,"column":18}}]},"5":{"line":44,"type":"binary-expr","locations":[{"start":{"line":44,"column":16},"end":{"line":44,"column":44}},{"start":{"line":44,"column":48},"end":{"line":44,"column":66}}]},"6":{"line":50,"type":"binary-expr","locations":[{"start":{"line":50,"column":21},"end":{"line":50,"column":49}},{"start":{"line":50,"column":53},"end":{"line":50,"column":72}}]},"7":{"line":64,"type":"switch","locations":[{"start":{"line":69,"column":4},"end":{"line":70,"column":14}},{"start":{"line":75,"column":4},"end":{"line":76,"column":14}}]},"8":{"line":85,"type":"switch","locations":[{"start":{"line":90,"column":4},"end":{"line":105,"column":14}},{"start":{"line":111,"column":4},"end":{"line":193,"column":14},"skip":true}]},"9":{"line":91,"type":"binary-expr","locations":[{"start":{"line":91,"column":42},"end":{"line":91,"column":73}},{"start":{"line":91,"column":77},"end":{"line":99,"column":9}}]},"10":{"line":102,"type":"binary-expr","locations":[{"start":{"line":102,"column":18},"end":{"line":102,"column":32}},{"start":{"line":103,"column":12},"end":{"line":103,"column":53}},{"start":{"line":104,"column":12},"end":{"line":104,"column":61}}]},"11":{"line":112,"type":"binary-expr","locations":[{"start":{"line":112,"column":45},"end":{"line":112,"column":79},"skip":true},{"start":{"line":112,"column":83},"end":{"line":121,"column":9},"skip":true}]},"12":{"line":123,"type":"binary-expr","locations":[{"start":{"line":123,"column":42},"end":{"line":123,"column":73},"skip":true},{"start":{"line":123,"column":77},"end":{"line":136,"column":9},"skip":true}]},"13":{"line":138,"type":"binary-expr","locations":[{"start":{"line":138,"column":48},"end":{"line":138,"column":85},"skip":true},{"start":{"line":139,"column":12},"end":{"line":145,"column":13},"skip":true}]},"14":{"line":147,"type":"binary-expr","locations":[{"start":{"line":147,"column":42},"end":{"line":147,"column":73},"skip":true},{"start":{"line":147,"column":77},"end":{"line":156,"column":9},"skip":true}]},"15":{"line":158,"type":"binary-expr","locations":[{"start":{"line":158,"column":45},"end":{"line":158,"column":79},"skip":true},{"start":{"line":158,"column":83},"end":{"line":167,"column":9},"skip":true}]},"16":{"line":169,"type":"binary-expr","locations":[{"start":{"line":169,"column":43},"end":{"line":169,"column":75},"skip":true},{"start":{"line":169,"column":79},"end":{"line":178,"column":9},"skip":true}]},"17":{"line":180,"type":"binary-expr","locations":[{"start":{"line":180,"column":41},"end":{"line":180,"column":71},"skip":true},{"start":{"line":180,"column":75},"end":{"line":189,"column":9},"skip":true}]}},"code":["/* istanbul instrument in package npmtest_alexa_app */","/*jslint","    bitwise: true,","    browser: true,","    maxerr: 8,","    maxlen: 96,","    node: true,","    nomen: true,","    regexp: true,","    stupid: true","*/","(function () {","    'use strict';","    var local;","","","","    // run shared js-env code - pre-init","    (function () {","        // init local","        local = {};","        // init modeJs","        local.modeJs = (function () {","            try {","                return typeof navigator.userAgent === 'string' &&","                    typeof document.querySelector('body') === 'object' &&","                    typeof XMLHttpRequest.prototype.open === 'function' &&","                    'browser';","            } catch (errorCaughtBrowser) {","                return module.exports &&","                    typeof process.versions.node === 'string' &&","                    typeof require('http').createServer === 'function' &&","                    'node';","            }","        }());","        // init global","        local.global = local.modeJs === 'browser'","            ? window","            : global;","        switch (local.modeJs) {","        // re-init local from window.local","        case 'browser':","            local = local.global.utility2.objectSetDefault(","                local.global.utility2_rollup || local.global.local,","                local.global.utility2","            );","            break;","        // re-init local from example.js","        case 'node':","            local = (local.global.utility2_rollup || require('utility2'))","                .requireReadme();","            break;","        }","        // export local","        local.global.local = local;","    }());","","","","    // run shared js-env code - function","    (function () {","        return;","    }());","    switch (local.modeJs) {","","","","    // run browser js-env code - function","    case 'browser':","        break;","","","","    // run node js-env code - function","    case 'node':","        break;","    }","","","","    // run shared js-env code - post-init","    (function () {","        return;","    }());","    switch (local.modeJs) {","","","","    // run browser js-env code - post-init","    case 'browser':","        local.testCase_browser_nullCase = local.testCase_browser_nullCase || function (","            options,","            onError","        ) {","        /*","         * this function will test browsers's null-case handling-behavior-behavior","         */","            onError(null, options);","        };","","        // run tests","        local.nop(local.modeTest &&","            document.querySelector('#testRunButton1') &&","            document.querySelector('#testRunButton1').click());","        break;","","","","    // run node js-env code - post-init","    /* istanbul ignore next */","    case 'node':","        local.testCase_buildApidoc_default = local.testCase_buildApidoc_default || function (","            options,","            onError","        ) {","        /*","         * this function will test buildApidoc's default handling-behavior-behavior","         */","            options = { modulePathList: module.paths };","            local.buildApidoc(options, onError);","        };","","        local.testCase_buildApp_default = local.testCase_buildApp_default || function (","            options,","            onError","        ) {","        /*","         * this function will test buildApp's default handling-behavior-behavior","         */","            local.testCase_buildReadme_default(options, local.onErrorThrow);","            local.testCase_buildLib_default(options, local.onErrorThrow);","            local.testCase_buildTest_default(options, local.onErrorThrow);","            local.testCase_buildCustomOrg_default(options, local.onErrorThrow);","            options = [];","            local.buildApp(options, onError);","        };","","        local.testCase_buildCustomOrg_default = local.testCase_buildCustomOrg_default ||","            function (options, onError) {","            /*","             * this function will test buildCustomOrg's default handling-behavior","             */","                options = {};","                local.buildCustomOrg(options, onError);","            };","","        local.testCase_buildLib_default = local.testCase_buildLib_default || function (","            options,","            onError","        ) {","        /*","         * this function will test buildLib's default handling-behavior","         */","            options = {};","            local.buildLib(options, onError);","        };","","        local.testCase_buildReadme_default = local.testCase_buildReadme_default || function (","            options,","            onError","        ) {","        /*","         * this function will test buildReadme's default handling-behavior-behavior","         */","            options = {};","            local.buildReadme(options, onError);","        };","","        local.testCase_buildTest_default = local.testCase_buildTest_default || function (","            options,","            onError","        ) {","        /*","         * this function will test buildTest's default handling-behavior","         */","            options = {};","            local.buildTest(options, onError);","        };","","        local.testCase_webpage_default = local.testCase_webpage_default || function (","            options,","            onError","        ) {","        /*","         * this function will test webpage's default handling-behavior","         */","            options = { modeCoverageMerge: true, url: local.serverLocalHost + '?modeTest=1' };","            local.browserTest(options, onError);","        };","","        // run test-server","        local.testRunServer(local);","        break;","    }","}());",""],"l":{"12":2,"14":2,"19":2,"21":2,"23":2,"24":2,"25":2,"30":1,"37":2,"40":2,"43":1,"47":1,"50":1,"52":1,"55":2,"61":2,"62":2,"64":2,"70":1,"76":1,"82":2,"83":2,"85":2,"91":1,"98":1,"102":1,"105":1,"112":1,"119":1,"120":1,"123":1,"130":1,"131":1,"132":1,"133":1,"134":1,"135":1,"138":1,"143":2,"144":2,"147":1,"154":2,"155":2,"158":1,"165":2,"166":2,"169":1,"176":2,"177":2,"180":1,"187":1,"188":1,"192":1,"193":1}},"/home/travis/build/npmtest/node-npmtest-alexa-app/lib.npmtest_alexa_app.js":{"path":"/home/travis/build/npmtest/node-npmtest-alexa-app/lib.npmtest_alexa_app.js","s":{"1":2,"2":2,"3":2,"4":2,"5":2,"6":2,"7":2,"8":1,"9":2,"10":2,"11":2,"12":2,"13":1,"14":1,"15":1,"16":1},"b":{"1":[2,1,1,1],"2":[1,1,1,1],"3":[1,1],"4":[2,2],"5":[1,1]},"f":{"1":2,"2":2,"3":2},"fnMap":{"1":{"name":"(anonymous_1)","line":12,"loc":{"start":{"line":12,"column":1},"end":{"line":12,"column":13}}},"2":{"name":"(anonymous_2)","line":19,"loc":{"start":{"line":19,"column":5},"end":{"line":19,"column":17}}},"3":{"name":"(anonymous_3)","line":23,"loc":{"start":{"line":23,"column":24},"end":{"line":23,"column":36}}}},"statementMap":{"1":{"start":{"line":12,"column":0},"end":{"line":53,"column":5}},"2":{"start":{"line":14,"column":4},"end":{"line":14,"column":14}},"3":{"start":{"line":19,"column":4},"end":{"line":52,"column":9}},"4":{"start":{"line":21,"column":8},"end":{"line":21,"column":19}},"5":{"start":{"line":23,"column":8},"end":{"line":35,"column":13}},"6":{"start":{"line":24,"column":12},"end":{"line":34,"column":13}},"7":{"start":{"line":25,"column":16},"end":{"line":28,"column":30}},"8":{"start":{"line":30,"column":16},"end":{"line":33,"column":27}},"9":{"start":{"line":37,"column":8},"end":{"line":39,"column":21}},"10":{"start":{"line":41,"column":8},"end":{"line":41,"column":54}},"11":{"start":{"line":43,"column":8},"end":{"line":43,"column":54}},"12":{"start":{"line":45,"column":8},"end":{"line":51,"column":9}},"13":{"start":{"line":46,"column":12},"end":{"line":46,"column":60}},"14":{"start":{"line":48,"column":12},"end":{"line":48,"column":35}},"15":{"start":{"line":49,"column":12},"end":{"line":49,"column":49}},"16":{"start":{"line":50,"column":12},"end":{"line":50,"column":43}}},"branchMap":{"1":{"line":25,"type":"binary-expr","locations":[{"start":{"line":25,"column":23},"end":{"line":25,"column":62}},{"start":{"line":26,"column":20},"end":{"line":26,"column":70}},{"start":{"line":27,"column":20},"end":{"line":27,"column":71}},{"start":{"line":28,"column":20},"end":{"line":28,"column":29}}]},"2":{"line":30,"type":"binary-expr","locations":[{"start":{"line":30,"column":23},"end":{"line":30,"column":37}},{"start":{"line":31,"column":20},"end":{"line":31,"column":61}},{"start":{"line":32,"column":20},"end":{"line":32,"column":70}},{"start":{"line":33,"column":20},"end":{"line":33,"column":26}}]},"3":{"line":37,"type":"cond-expr","locations":[{"start":{"line":38,"column":14},"end":{"line":38,"column":20}},{"start":{"line":39,"column":14},"end":{"line":39,"column":20}}]},"4":{"line":41,"type":"binary-expr","locations":[{"start":{"line":41,"column":16},"end":{"line":41,"column":44}},{"start":{"line":41,"column":48},"end":{"line":41,"column":53}}]},"5":{"line":45,"type":"if","locations":[{"start":{"line":45,"column":8},"end":{"line":45,"column":8}},{"start":{"line":45,"column":8},"end":{"line":45,"column":8}}]}},"code":["/* istanbul instrument in package npmtest_alexa_app */","/*jslint","    bitwise: true,","    browser: true,","    maxerr: 8,","    maxlen: 96,","    node: true,","    nomen: true,","    regexp: true,","    stupid: true","*/","(function () {","    'use strict';","    var local;","","","","    // run shared js-env code - pre-init","    (function () {","        // init local","        local = {};","        // init modeJs","        local.modeJs = (function () {","            try {","                return typeof navigator.userAgent === 'string' &&","                    typeof document.querySelector('body') === 'object' &&","                    typeof XMLHttpRequest.prototype.open === 'function' &&","                    'browser';","            } catch (errorCaughtBrowser) {","                return module.exports &&","                    typeof process.versions.node === 'string' &&","                    typeof require('http').createServer === 'function' &&","                    'node';","            }","        }());","        // init global","        local.global = local.modeJs === 'browser'","            ? window","            : global;","        // init utility2_rollup","        local = local.global.utility2_rollup || local;","        // init lib","        local.local = local.npmtest_alexa_app = local;","        // init exports","        if (local.modeJs === 'browser') {","            local.global.utility2_npmtest_alexa_app = local;","        } else {","            module.exports = local;","            module.exports.__dirname = __dirname;","            module.exports.module = module;","        }","    }());","}());",""],"l":{"12":2,"14":2,"19":2,"21":2,"23":2,"24":2,"25":2,"30":1,"37":2,"41":2,"43":2,"45":2,"46":1,"48":1,"49":1,"50":1}},"/home/travis/build/npmtest/node-npmtest-alexa-app/example.js":{"path":"/home/travis/build/npmtest/node-npmtest-alexa-app/example.js","s":{"1":2,"2":2,"3":2,"4":2,"5":2,"6":2,"7":2,"8":1,"9":2,"10":2,"11":2,"12":2,"13":1,"14":2,"15":2,"16":2,"17":2,"18":2,"19":0,"20":2,"21":1,"22":1,"23":1,"24":1,"25":1,"26":0,"27":0,"28":1,"29":1,"30":2,"31":0,"32":0,"33":0,"34":1,"35":2,"36":2,"37":3,"38":3,"39":3,"40":3,"41":0,"42":3,"43":3,"44":3,"45":1,"46":3,"47":1,"48":1,"49":1,"50":1,"51":1,"52":1,"53":1,"54":1,"55":1,"56":1,"57":0,"58":1,"59":6,"60":6,"61":1,"62":2,"63":0,"64":2,"65":1,"66":1,"67":0,"68":0,"69":0,"70":0,"71":0,"72":0,"73":0,"74":0,"75":0,"76":0,"77":0,"78":0,"79":0,"80":0,"81":0,"82":0,"83":0},"b":{"1":[2,1,1,1],"2":[1,1,1,1],"3":[1,1],"4":[2,2],"5":[1,1],"6":[1,1],"7":[2,0],"8":[2,1,1,1,1,1],"9":[0,2,0],"10":[1,1],"11":[2,1,1],"12":[1,0],"13":[0,2],"14":[2,0,0,0,0,0,0],"15":[0,3],"16":[3,0],"17":[1,1],"18":[0,1],"19":[1,2,0,2],"20":[1,0],"21":[1,1],"22":[0,0],"23":[0,0],"24":[0,0],"25":[0,0],"26":[0,0],"27":[0,0],"28":[0,0]},"f":{"1":2,"2":2,"3":2,"4":2,"5":2,"6":2,"7":3,"8":3,"9":3,"10":1,"11":6,"12":0},"fnMap":{"1":{"name":"(anonymous_1)","line":26,"loc":{"start":{"line":26,"column":1},"end":{"line":26,"column":13}}},"2":{"name":"(anonymous_2)","line":33,"loc":{"start":{"line":33,"column":5},"end":{"line":33,"column":17}}},"3":{"name":"(anonymous_3)","line":37,"loc":{"start":{"line":37,"column":24},"end":{"line":37,"column":36}}},"4":{"name":"(anonymous_4)","line":69,"loc":{"start":{"line":69,"column":31},"end":{"line":69,"column":48}},"skip":true},"5":{"name":"(anonymous_5)","line":78,"loc":{"start":{"line":78,"column":26},"end":{"line":78,"column":45}},"skip":true},"6":{"name":"(anonymous_6)","line":123,"loc":{"start":{"line":123,"column":33},"end":{"line":123,"column":48}},"skip":true},"7":{"name":"(anonymous_7)","line":125,"loc":{"start":{"line":125,"column":27},"end":{"line":125,"column":39}},"skip":true},"8":{"name":"(anonymous_8)","line":133,"loc":{"start":{"line":133,"column":59},"end":{"line":133,"column":74}},"skip":true},"9":{"name":"(anonymous_9)","line":143,"loc":{"start":{"line":143,"column":45},"end":{"line":143,"column":62}},"skip":true},"10":{"name":"(anonymous_10)","line":144,"loc":{"start":{"line":144,"column":73},"end":{"line":144,"column":92}},"skip":true},"11":{"name":"(anonymous_11)","line":272,"loc":{"start":{"line":272,"column":51},"end":{"line":272,"column":77}},"skip":true},"12":{"name":"(anonymous_12)","line":315,"loc":{"start":{"line":315,"column":32},"end":{"line":315,"column":61}},"skip":true}},"statementMap":{"1":{"start":{"line":26,"column":0},"end":{"line":326,"column":5}},"2":{"start":{"line":28,"column":4},"end":{"line":28,"column":14}},"3":{"start":{"line":33,"column":4},"end":{"line":60,"column":9}},"4":{"start":{"line":35,"column":8},"end":{"line":35,"column":19}},"5":{"start":{"line":37,"column":8},"end":{"line":49,"column":13}},"6":{"start":{"line":38,"column":12},"end":{"line":48,"column":13}},"7":{"start":{"line":39,"column":16},"end":{"line":42,"column":30}},"8":{"start":{"line":44,"column":16},"end":{"line":47,"column":27}},"9":{"start":{"line":51,"column":8},"end":{"line":53,"column":21}},"10":{"start":{"line":55,"column":8},"end":{"line":57,"column":45}},"11":{"start":{"line":59,"column":8},"end":{"line":59,"column":35}},"12":{"start":{"line":61,"column":4},"end":{"line":325,"column":5}},"13":{"start":{"line":69,"column":8},"end":{"line":121,"column":10},"skip":true},"14":{"start":{"line":70,"column":12},"end":{"line":88,"column":13},"skip":true},"15":{"start":{"line":76,"column":16},"end":{"line":87,"column":19},"skip":true},"16":{"start":{"line":79,"column":20},"end":{"line":86,"column":21},"skip":true},"17":{"start":{"line":82,"column":24},"end":{"line":82,"column":43},"skip":true},"18":{"start":{"line":83,"column":24},"end":{"line":83,"column":30},"skip":true},"19":{"start":{"line":85,"column":24},"end":{"line":85,"column":49},"skip":true},"20":{"start":{"line":89,"column":12},"end":{"line":107,"column":13},"skip":true},"21":{"start":{"line":92,"column":16},"end":{"line":102,"column":17},"skip":true},"22":{"start":{"line":93,"column":20},"end":{"line":93,"column":86},"skip":true},"23":{"start":{"line":94,"column":20},"end":{"line":95,"column":45},"skip":true},"24":{"start":{"line":96,"column":20},"end":{"line":96,"column":42},"skip":true},"25":{"start":{"line":97,"column":20},"end":{"line":97,"column":48},"skip":true},"26":{"start":{"line":100,"column":20},"end":{"line":100,"column":85},"skip":true},"27":{"start":{"line":101,"column":20},"end":{"line":101,"column":96},"skip":true},"28":{"start":{"line":103,"column":16},"end":{"line":103,"column":22},"skip":true},"29":{"start":{"line":106,"column":16},"end":{"line":106,"column":22},"skip":true},"30":{"start":{"line":108,"column":12},"end":{"line":120,"column":13},"skip":true},"31":{"start":{"line":114,"column":16},"end":{"line":119,"column":17},"skip":true},"32":{"start":{"line":116,"column":20},"end":{"line":116,"column":78},"skip":true},"33":{"start":{"line":118,"column":20},"end":{"line":118,"column":47},"skip":true},"34":{"start":{"line":123,"column":8},"end":{"line":141,"column":11},"skip":true},"35":{"start":{"line":124,"column":12},"end":{"line":124,"column":54},"skip":true},"36":{"start":{"line":125,"column":12},"end":{"line":140,"column":14},"skip":true},"37":{"start":{"line":126,"column":16},"end":{"line":126,"column":28},"skip":true},"38":{"start":{"line":127,"column":16},"end":{"line":127,"column":69},"skip":true},"39":{"start":{"line":128,"column":16},"end":{"line":128,"column":75},"skip":true},"40":{"start":{"line":129,"column":16},"end":{"line":131,"column":17},"skip":true},"41":{"start":{"line":130,"column":20},"end":{"line":130,"column":27},"skip":true},"42":{"start":{"line":133,"column":16},"end":{"line":137,"column":36},"skip":true},"43":{"start":{"line":134,"column":20},"end":{"line":136,"column":55},"skip":true},"44":{"start":{"line":139,"column":16},"end":{"line":139,"column":57},"skip":true},"45":{"start":{"line":143,"column":8},"end":{"line":147,"column":11},"skip":true},"46":{"start":{"line":144,"column":12},"end":{"line":146,"column":15},"skip":true},"47":{"start":{"line":145,"column":16},"end":{"line":145,"column":70},"skip":true},"48":{"start":{"line":149,"column":8},"end":{"line":149,"column":31},"skip":true},"49":{"start":{"line":150,"column":8},"end":{"line":150,"column":14},"skip":true},"50":{"start":{"line":158,"column":8},"end":{"line":158,"column":31},"skip":true},"51":{"start":{"line":160,"column":8},"end":{"line":160,"column":33},"skip":true},"52":{"start":{"line":161,"column":8},"end":{"line":161,"column":37},"skip":true},"53":{"start":{"line":162,"column":8},"end":{"line":162,"column":35},"skip":true},"54":{"start":{"line":164,"column":8},"end":{"line":164,"column":50},"skip":true},"55":{"start":{"line":166,"column":8},"end":{"line":256,"column":2},"skip":true},"56":{"start":{"line":258,"column":8},"end":{"line":286,"column":9},"skip":true},"57":{"start":{"line":259,"column":12},"end":{"line":269,"column":14},"skip":true},"58":{"start":{"line":271,"column":12},"end":{"line":285,"column":19},"skip":true},"59":{"start":{"line":274,"column":20},"end":{"line":274,"column":35},"skip":true},"60":{"start":{"line":275,"column":20},"end":{"line":284,"column":21},"skip":true},"61":{"start":{"line":277,"column":24},"end":{"line":277,"column":64},"skip":true},"62":{"start":{"line":279,"column":24},"end":{"line":279,"column":40},"skip":true},"63":{"start":{"line":281,"column":24},"end":{"line":281,"column":40},"skip":true},"64":{"start":{"line":283,"column":24},"end":{"line":283,"column":39},"skip":true},"65":{"start":{"line":288,"column":8},"end":{"line":290,"column":9},"skip":true},"66":{"start":{"line":289,"column":12},"end":{"line":289,"column":18},"skip":true},"67":{"start":{"line":291,"column":8},"end":{"line":293,"column":54},"skip":true},"68":{"start":{"line":296,"column":8},"end":{"line":301,"column":37},"skip":true},"69":{"start":{"line":303,"column":8},"end":{"line":303,"column":82},"skip":true},"70":{"start":{"line":306,"column":8},"end":{"line":308,"column":9},"skip":true},"71":{"start":{"line":307,"column":12},"end":{"line":307,"column":82},"skip":true},"72":{"start":{"line":310,"column":8},"end":{"line":312,"column":9},"skip":true},"73":{"start":{"line":311,"column":12},"end":{"line":311,"column":18},"skip":true},"74":{"start":{"line":313,"column":8},"end":{"line":313,"column":54},"skip":true},"75":{"start":{"line":314,"column":8},"end":{"line":314,"column":69},"skip":true},"76":{"start":{"line":315,"column":8},"end":{"line":323,"column":36},"skip":true},"77":{"start":{"line":316,"column":12},"end":{"line":316,"column":61},"skip":true},"78":{"start":{"line":317,"column":12},"end":{"line":320,"column":13},"skip":true},"79":{"start":{"line":318,"column":16},"end":{"line":318,"column":75},"skip":true},"80":{"start":{"line":319,"column":16},"end":{"line":319,"column":23},"skip":true},"81":{"start":{"line":321,"column":12},"end":{"line":321,"column":38},"skip":true},"82":{"start":{"line":322,"column":12},"end":{"line":322,"column":27},"skip":true},"83":{"start":{"line":324,"column":8},"end":{"line":324,"column":14},"skip":true}},"branchMap":{"1":{"line":39,"type":"binary-expr","locations":[{"start":{"line":39,"column":23},"end":{"line":39,"column":62}},{"start":{"line":40,"column":20},"end":{"line":40,"column":70}},{"start":{"line":41,"column":20},"end":{"line":41,"column":71}},{"start":{"line":42,"column":20},"end":{"line":42,"column":29}}]},"2":{"line":44,"type":"binary-expr","locations":[{"start":{"line":44,"column":23},"end":{"line":44,"column":37}},{"start":{"line":45,"column":20},"end":{"line":45,"column":61}},{"start":{"line":46,"column":20},"end":{"line":46,"column":70}},{"start":{"line":47,"column":20},"end":{"line":47,"column":26}}]},"3":{"line":51,"type":"cond-expr","locations":[{"start":{"line":52,"column":14},"end":{"line":52,"column":20}},{"start":{"line":53,"column":14},"end":{"line":53,"column":20}}]},"4":{"line":55,"type":"binary-expr","locations":[{"start":{"line":55,"column":16},"end":{"line":55,"column":44}},{"start":{"line":55,"column":49},"end":{"line":57,"column":43}}]},"5":{"line":55,"type":"cond-expr","locations":[{"start":{"line":56,"column":14},"end":{"line":56,"column":53}},{"start":{"line":57,"column":14},"end":{"line":57,"column":43}}]},"6":{"line":61,"type":"switch","locations":[{"start":{"line":68,"column":4},"end":{"line":150,"column":14},"skip":true},{"start":{"line":156,"column":4},"end":{"line":324,"column":14},"skip":true}]},"7":{"line":70,"type":"if","locations":[{"start":{"line":70,"column":12},"end":{"line":70,"column":12},"skip":true},{"start":{"line":70,"column":12},"end":{"line":70,"column":12},"skip":true}]},"8":{"line":70,"type":"binary-expr","locations":[{"start":{"line":70,"column":16},"end":{"line":70,"column":22},"skip":true},{"start":{"line":70,"column":27},"end":{"line":70,"column":32},"skip":true},{"start":{"line":71,"column":20},"end":{"line":71,"column":39},"skip":true},{"start":{"line":72,"column":20},"end":{"line":72,"column":49},"skip":true},{"start":{"line":73,"column":20},"end":{"line":73,"column":58},"skip":true},{"start":{"line":74,"column":20},"end":{"line":74,"column":69},"skip":true}]},"9":{"line":79,"type":"switch","locations":[{"start":{"line":80,"column":20},"end":{"line":80,"column":33},"skip":true},{"start":{"line":81,"column":20},"end":{"line":83,"column":30},"skip":true},{"start":{"line":84,"column":20},"end":{"line":85,"column":49},"skip":true}]},"10":{"line":89,"type":"switch","locations":[{"start":{"line":90,"column":12},"end":{"line":103,"column":22},"skip":true},{"start":{"line":105,"column":12},"end":{"line":106,"column":22},"skip":true}]},"11":{"line":89,"type":"binary-expr","locations":[{"start":{"line":89,"column":20},"end":{"line":89,"column":25},"skip":true},{"start":{"line":89,"column":29},"end":{"line":89,"column":48},"skip":true},{"start":{"line":89,"column":52},"end":{"line":89,"column":74},"skip":true}]},"12":{"line":92,"type":"if","locations":[{"start":{"line":92,"column":16},"end":{"line":92,"column":16},"skip":true},{"start":{"line":92,"column":16},"end":{"line":92,"column":16},"skip":true}]},"13":{"line":108,"type":"if","locations":[{"start":{"line":108,"column":12},"end":{"line":108,"column":12},"skip":true},{"start":{"line":108,"column":12},"end":{"line":108,"column":12},"skip":true}]},"14":{"line":108,"type":"binary-expr","locations":[{"start":{"line":108,"column":16},"end":{"line":108,"column":61},"skip":true},{"start":{"line":108,"column":66},"end":{"line":108,"column":72},"skip":true},{"start":{"line":108,"column":77},"end":{"line":108,"column":82},"skip":true},{"start":{"line":109,"column":20},"end":{"line":109,"column":39},"skip":true},{"start":{"line":110,"column":20},"end":{"line":110,"column":49},"skip":true},{"start":{"line":111,"column":20},"end":{"line":111,"column":58},"skip":true},{"start":{"line":112,"column":20},"end":{"line":112,"column":68},"skip":true}]},"15":{"line":129,"type":"if","locations":[{"start":{"line":129,"column":16},"end":{"line":129,"column":16},"skip":true},{"start":{"line":129,"column":16},"end":{"line":129,"column":16},"skip":true}]},"16":{"line":134,"type":"cond-expr","locations":[{"start":{"line":135,"column":26},"end":{"line":135,"column":29},"skip":true},{"start":{"line":136,"column":26},"end":{"line":136,"column":54},"skip":true}]},"17":{"line":164,"type":"binary-expr","locations":[{"start":{"line":164,"column":27},"end":{"line":164,"column":43},"skip":true},{"start":{"line":164,"column":47},"end":{"line":164,"column":49},"skip":true}]},"18":{"line":258,"type":"if","locations":[{"start":{"line":258,"column":8},"end":{"line":258,"column":8},"skip":true},{"start":{"line":258,"column":8},"end":{"line":258,"column":8},"skip":true}]},"19":{"line":275,"type":"switch","locations":[{"start":{"line":276,"column":20},"end":{"line":277,"column":64},"skip":true},{"start":{"line":278,"column":20},"end":{"line":279,"column":40},"skip":true},{"start":{"line":280,"column":20},"end":{"line":281,"column":40},"skip":true},{"start":{"line":282,"column":20},"end":{"line":283,"column":39},"skip":true}]},"20":{"line":288,"type":"if","locations":[{"start":{"line":288,"column":8},"end":{"line":288,"column":8},"skip":true},{"start":{"line":288,"column":8},"end":{"line":288,"column":8},"skip":true}]},"21":{"line":288,"type":"binary-expr","locations":[{"start":{"line":288,"column":12},"end":{"line":288,"column":40},"skip":true},{"start":{"line":288,"column":44},"end":{"line":288,"column":67},"skip":true}]},"22":{"line":292,"type":"binary-expr","locations":[{"start":{"line":292,"column":12},"end":{"line":292,"column":50},"skip":true},{"start":{"line":293,"column":12},"end":{"line":293,"column":53},"skip":true}]},"23":{"line":297,"type":"binary-expr","locations":[{"start":{"line":297,"column":12},"end":{"line":297,"column":67},"skip":true},{"start":{"line":298,"column":12},"end":{"line":301,"column":36},"skip":true}]},"24":{"line":303,"type":"binary-expr","locations":[{"start":{"line":303,"column":43},"end":{"line":303,"column":75},"skip":true},{"start":{"line":303,"column":79},"end":{"line":303,"column":81},"skip":true}]},"25":{"line":306,"type":"if","locations":[{"start":{"line":306,"column":8},"end":{"line":306,"column":8},"skip":true},{"start":{"line":306,"column":8},"end":{"line":306,"column":8},"skip":true}]},"26":{"line":310,"type":"if","locations":[{"start":{"line":310,"column":8},"end":{"line":310,"column":8},"skip":true},{"start":{"line":310,"column":8},"end":{"line":310,"column":8},"skip":true}]},"27":{"line":313,"type":"binary-expr","locations":[{"start":{"line":313,"column":27},"end":{"line":313,"column":43},"skip":true},{"start":{"line":313,"column":47},"end":{"line":313,"column":53},"skip":true}]},"28":{"line":317,"type":"if","locations":[{"start":{"line":317,"column":12},"end":{"line":317,"column":12},"skip":true},{"start":{"line":317,"column":12},"end":{"line":317,"column":12},"skip":true}]}},"code":["/*","example.js","","quickstart example","","instruction","    1. save this script as example.js","    2. run the shell command:","        $ npm install npmtest-alexa-app && PORT=8081 node example.js","    3. play with the browser-demo on http://127.0.0.1:8081","*/","","","","/* istanbul instrument in package npmtest_alexa_app */","/*jslint","    bitwise: true,","    browser: true,","    maxerr: 8,","    maxlen: 96,","    node: true,","    nomen: true,","    regexp: true,","    stupid: true","*/","(function () {","    'use strict';","    var local;","","","","    // run shared js-env code - pre-init","    (function () {","        // init local","        local = {};","        // init modeJs","        local.modeJs = (function () {","            try {","                return typeof navigator.userAgent === 'string' &&","                    typeof document.querySelector('body') === 'object' &&","                    typeof XMLHttpRequest.prototype.open === 'function' &&","                    'browser';","            } catch (errorCaughtBrowser) {","                return module.exports &&","                    typeof process.versions.node === 'string' &&","                    typeof require('http').createServer === 'function' &&","                    'node';","            }","        }());","        // init global","        local.global = local.modeJs === 'browser'","            ? window","            : global;","        // init utility2_rollup","        local = local.global.utility2_rollup || (local.modeJs === 'browser'","            ? local.global.utility2_npmtest_alexa_app","            : global.utility2_moduleExports);","        // export local","        local.global.local = local;","    }());","    switch (local.modeJs) {","","","","    // post-init","    // run browser js-env code - post-init","    /* istanbul ignore next */","    case 'browser':","        local.testRunBrowser = function (event) {","            if (!event || (event &&","                    event.currentTarget &&","                    event.currentTarget.className &&","                    event.currentTarget.className.includes &&","                    event.currentTarget.className.includes('onreset'))) {","                // reset output","                Array.from(","                    document.querySelectorAll('body > .resettable')","                ).forEach(function (element) {","                    switch (element.tagName) {","                    case 'INPUT':","                    case 'TEXTAREA':","                        element.value = '';","                        break;","                    default:","                        element.textContent = '';","                    }","                });","            }","            switch (event && event.currentTarget && event.currentTarget.id) {","            case 'testRunButton1':","                // show tests","                if (document.querySelector('#testReportDiv1').style.display === 'none') {","                    document.querySelector('#testReportDiv1').style.display = 'block';","                    document.querySelector('#testRunButton1').textContent =","                        'hide internal test';","                    local.modeTest = true;","                    local.testRunDefault(local);","                // hide tests","                } else {","                    document.querySelector('#testReportDiv1').style.display = 'none';","                    document.querySelector('#testRunButton1').textContent = 'run internal test';","                }","                break;","            // custom-case","            default:","                break;","            }","            if (document.querySelector('#inputTextareaEval1') && (!event || (event &&","                    event.currentTarget &&","                    event.currentTarget.className &&","                    event.currentTarget.className.includes &&","                    event.currentTarget.className.includes('oneval')))) {","                // try to eval input-code","                try {","                    /*jslint evil: true*/","                    eval(document.querySelector('#inputTextareaEval1').value);","                } catch (errorCaught) {","                    console.error(errorCaught);","                }","            }","        };","        // log stderr and stdout to #outputTextareaStdout1","        ['error', 'log'].forEach(function (key) {","            console[key + '_original'] = console[key];","            console[key] = function () {","                var element;","                console[key + '_original'].apply(console, arguments);","                element = document.querySelector('#outputTextareaStdout1');","                if (!element) {","                    return;","                }","                // append text to #outputTextareaStdout1","                element.value += Array.from(arguments).map(function (arg) {","                    return typeof arg === 'string'","                        ? arg","                        : JSON.stringify(arg, null, 4);","                }).join(' ') + '\\n';","                // scroll textarea to bottom","                element.scrollTop = element.scrollHeight;","            };","        });","        // init event-handling","        ['change', 'click', 'keyup'].forEach(function (event) {","            Array.from(document.querySelectorAll('.on' + event)).forEach(function (element) {","                element.addEventListener(event, local.testRunBrowser);","            });","        });","        // run tests","        local.testRunBrowser();","        break;","","","","    // run node js-env code - post-init","    /* istanbul ignore next */","    case 'node':","        // export local","        module.exports = local;","        // require modules","        local.fs = require('fs');","        local.http = require('http');","        local.url = require('url');","        // init assets","        local.assetsDict = local.assetsDict || {};","        /* jslint-ignore-begin */","        local.assetsDict['/assets.index.template.html'] = '\\","<!doctype html>\\n\\","<html lang=\"en\">\\n\\","<head>\\n\\","<meta charset=\"UTF-8\">\\n\\","<meta name=\"viewport\" content=\"width=device-width, initial-scale=1\">\\n\\","<title>{{env.npm_package_name}} (v{{env.npm_package_version}})</title>\\n\\","<style>\\n\\","/*csslint\\n\\","    box-sizing: false,\\n\\","    universal-selector: false\\n\\","*/\\n\\","* {\\n\\","    box-sizing: border-box;\\n\\","}\\n\\","body {\\n\\","    background: #dde;\\n\\","    font-family: Arial, Helvetica, sans-serif;\\n\\","    margin: 2rem;\\n\\","}\\n\\","body > * {\\n\\","    margin-bottom: 1rem;\\n\\","}\\n\\",".utility2FooterDiv {\\n\\","    margin-top: 20px;\\n\\","    text-align: center;\\n\\","}\\n\\","</style>\\n\\","<style>\\n\\","/*csslint\\n\\","*/\\n\\","textarea {\\n\\","    font-family: monospace;\\n\\","    height: 10rem;\\n\\","    width: 100%;\\n\\","}\\n\\","textarea[readonly] {\\n\\","    background: #ddd;\\n\\","}\\n\\","</style>\\n\\","</head>\\n\\","<body>\\n\\","<!-- utility2-comment\\n\\","<div id=\"ajaxProgressDiv1\" style=\"background: #d00; height: 2px; left: 0; margin: 0; padding: 0; position: fixed; top: 0; transition: background 0.5s, width 1.5s; width: 25%;\"></div>\\n\\","utility2-comment -->\\n\\","<h1>\\n\\","<!-- utility2-comment\\n\\","    <a\\n\\","        {{#if env.npm_package_homepage}}\\n\\","        href=\"{{env.npm_package_homepage}}\"\\n\\","        {{/if env.npm_package_homepage}}\\n\\","        target=\"_blank\"\\n\\","    >\\n\\","utility2-comment -->\\n\\","        {{env.npm_package_name}} (v{{env.npm_package_version}})\\n\\","<!-- utility2-comment\\n\\","    </a>\\n\\","utility2-comment -->\\n\\","</h1>\\n\\","<h3>{{env.npm_package_description}}</h3>\\n\\","<!-- utility2-comment\\n\\","<h4><a download href=\"assets.app.js\">download standalone app</a></h4>\\n\\","<button class=\"onclick onreset\" id=\"testRunButton1\">run internal test</button><br>\\n\\","<div id=\"testReportDiv1\" style=\"display: none;\"></div>\\n\\","utility2-comment -->\\n\\","\\n\\","\\n\\","\\n\\","<label>stderr and stdout</label>\\n\\","<textarea class=\"resettable\" id=\"outputTextareaStdout1\" readonly></textarea>\\n\\","<!-- utility2-comment\\n\\","{{#if isRollup}}\\n\\","<script src=\"assets.app.js\"></script>\\n\\","{{#unless isRollup}}\\n\\","utility2-comment -->\\n\\","<script src=\"assets.utility2.rollup.js\"></script>\\n\\","<script src=\"jsonp.utility2._stateInit?callback=window.utility2._stateInit\"></script>\\n\\","<script src=\"assets.npmtest_alexa_app.rollup.js\"></script>\\n\\","<script src=\"assets.example.js\"></script>\\n\\","<script src=\"assets.test.js\"></script>\\n\\","<!-- utility2-comment\\n\\","{{/if isRollup}}\\n\\","utility2-comment -->\\n\\","<div class=\"utility2FooterDiv\">\\n\\","    [ this app was created with\\n\\","    <a href=\"https://github.com/kaizhu256/node-utility2\" target=\"_blank\">utility2</a>\\n\\","    ]\\n\\","</div>\\n\\","</body>\\n\\","</html>\\n\\","';","        /* jslint-ignore-end */","        if (local.templateRender) {","            local.assetsDict['/'] = local.templateRender(","                local.assetsDict['/assets.index.template.html'],","                {","                    env: local.objectSetDefault(local.env, {","                        npm_package_description: 'the greatest app in the world!',","                        npm_package_name: 'my-app',","                        npm_package_nameAlias: 'my_app',","                        npm_package_version: '0.0.1'","                    })","                }","            );","        } else {","            local.assetsDict['/'] = local.assetsDict['/assets.index.template.html']","                .replace((/\\{\\{env\\.(\\w+?)\\}\\}/g), function (match0, match1) {","                    // jslint-hack","                    String(match0);","                    switch (match1) {","                    case 'npm_package_description':","                        return 'the greatest app in the world!';","                    case 'npm_package_name':","                        return 'my-app';","                    case 'npm_package_nameAlias':","                        return 'my_app';","                    case 'npm_package_version':","                        return '0.0.1';","                    }","                });","        }","        // run the cli","        if (local.global.utility2_rollup || module !== require.main) {","            break;","        }","        local.assetsDict['/assets.example.js'] =","            local.assetsDict['/assets.example.js'] ||","            local.fs.readFileSync(__filename, 'utf8');","        // bug-workaround - long $npm_package_buildCustomOrg","        /* jslint-ignore-begin */","        local.assetsDict['/assets.npmtest_alexa_app.rollup.js'] =","            local.assetsDict['/assets.npmtest_alexa_app.rollup.js'] ||","            local.fs.readFileSync(","                local.npmtest_alexa_app.__dirname + '/lib.npmtest_alexa_app.js',","                'utf8'","            ).replace((/^#!/), '//');","        /* jslint-ignore-end */","        local.assetsDict['/favicon.ico'] = local.assetsDict['/favicon.ico'] || '';","        // if $npm_config_timeout_exit exists,","        // then exit this process after $npm_config_timeout_exit ms","        if (Number(process.env.npm_config_timeout_exit)) {","            setTimeout(process.exit, Number(process.env.npm_config_timeout_exit));","        }","        // start server","        if (local.global.utility2_serverHttp1) {","            break;","        }","        process.env.PORT = process.env.PORT || '8081';","        console.error('server starting on port ' + process.env.PORT);","        local.http.createServer(function (request, response) {","            request.urlParsed = local.url.parse(request.url);","            if (local.assetsDict[request.urlParsed.pathname] !== undefined) {","                response.end(local.assetsDict[request.urlParsed.pathname]);","                return;","            }","            response.statusCode = 404;","            response.end();","        }).listen(process.env.PORT);","        break;","    }","}());",""],"l":{"26":2,"28":2,"33":2,"35":2,"37":2,"38":2,"39":2,"44":1,"51":2,"55":2,"59":2,"61":2,"69":1,"70":2,"76":2,"79":2,"82":2,"83":2,"85":1,"89":2,"92":1,"93":1,"94":1,"96":1,"97":1,"100":1,"101":1,"103":1,"106":1,"108":2,"114":1,"116":1,"118":1,"123":1,"124":2,"125":2,"126":3,"127":3,"128":3,"129":3,"130":1,"133":3,"134":3,"139":3,"143":1,"144":3,"145":1,"149":1,"150":1,"158":1,"160":1,"161":1,"162":1,"164":1,"166":1,"258":1,"259":1,"271":1,"274":6,"275":6,"277":1,"279":2,"281":1,"283":2,"288":1,"289":1,"291":1,"296":1,"303":1,"306":1,"307":1,"310":1,"311":1,"313":1,"314":1,"315":1,"316":1,"317":1,"318":1,"319":1,"321":1,"322":1,"324":1}},"/home/travis/build/npmtest/node-npmtest-alexa-app/node_modules/alexa-app/index.js":{"path":"/home/travis/build/npmtest/node-npmtest-alexa-app/node_modules/alexa-app/index.js","s":{"1":1,"2":1,"3":1,"4":1,"5":1,"6":1,"7":1,"8":1,"9":1,"10":0,"11":0,"12":0,"13":0,"14":0,"15":0,"16":0,"17":0,"18":0,"19":0,"20":0,"21":0,"22":0,"23":0,"24":0,"25":0,"26":0,"27":0,"28":0,"29":0,"30":0,"31":0,"32":0,"33":0,"34":0,"35":0,"36":0,"37":0,"38":0,"39":0,"40":0,"41":0,"42":0,"43":0,"44":0,"45":0,"46":0,"47":0,"48":0,"49":0,"50":0,"51":0,"52":0,"53":0,"54":0,"55":0,"56":0,"57":0,"58":0,"59":0,"60":0,"61":0,"62":0,"63":0,"64":0,"65":0,"66":0,"67":0,"68":0,"69":0,"70":0,"71":0,"72":0,"73":0,"74":0,"75":0,"76":0,"77":0,"78":0,"79":0,"80":0,"81":0,"82":0,"83":0,"84":0,"85":0,"86":0,"87":0,"88":1,"89":0,"90":0,"91":0,"92":0,"93":0,"94":0,"95":0,"96":0,"97":0,"98":0,"99":0,"100":0,"101":0,"102":0,"103":0,"104":0,"105":0,"106":0,"107":0,"108":0,"109":0,"110":0,"111":0,"112":0,"113":0,"114":0,"115":0,"116":0,"117":0,"118":0,"119":0,"120":0,"121":0,"122":0,"123":0,"124":0,"125":0,"126":1,"127":0,"128":0,"129":0,"130":0,"131":0,"132":0,"133":0,"134":0,"135":0,"136":0,"137":0,"138":0,"139":0,"140":0,"141":0,"142":0,"143":0,"144":0,"145":0,"146":0,"147":0,"148":0,"149":0,"150":0,"151":1,"152":1,"153":0,"154":0,"155":0,"156":0,"157":0,"158":0,"159":0,"160":0,"161":0,"162":0,"163":0,"164":0,"165":0,"166":0,"167":0,"168":0,"169":0,"170":0,"171":0,"172":0,"173":0,"174":0,"175":0,"176":0,"177":0,"178":0,"179":0,"180":0,"181":0,"182":0,"183":0,"184":0,"185":0,"186":0,"187":0,"188":0,"189":0,"190":0,"191":0,"192":0,"193":0,"194":0,"195":0,"196":0,"197":0,"198":0,"199":0,"200":0,"201":0,"202":0,"203":0,"204":0,"205":0,"206":0,"207":0,"208":0,"209":0,"210":0,"211":0,"212":0,"213":0,"214":0,"215":0,"216":0,"217":0,"218":0,"219":0,"220":0,"221":0,"222":0,"223":0,"224":0,"225":0,"226":0,"227":0,"228":0,"229":0,"230":0,"231":0,"232":0,"233":0,"234":0,"235":0,"236":0,"237":0,"238":0,"239":0,"240":0,"241":0,"242":0,"243":0,"244":0,"245":0,"246":0,"247":0,"248":0,"249":0,"250":0,"251":0,"252":0,"253":0,"254":0,"255":0,"256":0,"257":0,"258":0,"259":0,"260":0,"261":0,"262":0,"263":0,"264":0,"265":0,"266":0,"267":0,"268":0,"269":0,"270":0,"271":0,"272":0,"273":0,"274":0,"275":0,"276":0,"277":0,"278":0,"279":0,"280":0,"281":0,"282":0,"283":0,"284":0,"285":0,"286":0,"287":0,"288":0,"289":0,"290":0,"291":0,"292":0,"293":0,"294":0,"295":0,"296":0,"297":0,"298":0,"299":0,"300":0,"301":0,"302":0,"303":0,"304":0,"305":0,"306":0,"307":0,"308":0,"309":0,"310":0,"311":0,"312":0,"313":0,"314":0,"315":0,"316":0,"317":0,"318":0,"319":0,"320":0,"321":0,"322":1},"b":{"1":[0,0],"2":[0,0],"3":[0,0],"4":[0,0,0],"5":[0,0],"6":[0,0,0],"7":[0,0],"8":[0,0],"9":[0,0],"10":[0,0],"11":[0,0],"12":[0,0],"13":[0,0],"14":[0,0],"15":[0,0,0],"16":[0,0],"17":[0,0],"18":[0,0],"19":[0,0],"20":[0,0],"21":[0,0],"22":[0,0],"23":[0,0],"24":[0,0],"25":[0,0],"26":[0,0],"27":[0,0],"28":[0,0],"29":[0,0],"30":[0,0],"31":[0,0],"32":[0,0],"33":[0,0],"34":[0,0],"35":[0,0],"36":[0,0],"37":[0,0],"38":[0,0],"39":[0,0],"40":[0,0],"41":[0,0],"42":[0,0],"43":[0,0],"44":[0,0],"45":[0,0],"46":[0,0],"47":[0,0],"48":[0,0],"49":[0,0],"50":[0,0],"51":[0,0],"52":[0,0],"53":[0,0],"54":[0,0],"55":[0,0],"56":[0,0],"57":[0,0],"58":[0,0,0],"59":[0,0],"60":[0,0],"61":[0,0],"62":[0,0],"63":[0,0],"64":[0,0],"65":[0,0],"66":[0,0],"67":[0,0],"68":[0,0],"69":[0,0],"70":[0,0],"71":[0,0],"72":[0,0],"73":[0,0],"74":[0,0],"75":[0,0],"76":[0,0]},"f":{"1":0,"2":0,"3":0,"4":0,"5":0,"6":0,"7":0,"8":0,"9":0,"10":0,"11":0,"12":0,"13":0,"14":0,"15":0,"16":0,"17":0,"18":0,"19":0,"20":0,"21":0,"22":0,"23":0,"24":0,"25":0,"26":0,"27":0,"28":0,"29":0,"30":0,"31":0,"32":0,"33":0,"34":0,"35":0,"36":0,"37":0,"38":0,"39":0,"40":0,"41":0,"42":0,"43":0,"44":0,"45":0,"46":0,"47":0,"48":0,"49":0,"50":0,"51":0,"52":0,"53":0,"54":0,"55":0,"56":0,"57":0,"58":0,"59":0,"60":0,"61":0,"62":0,"63":0,"64":0,"65":0,"66":0},"fnMap":{"1":{"name":"(anonymous_1)","line":12,"loc":{"start":{"line":12,"column":17},"end":{"line":12,"column":35}}},"2":{"name":"(anonymous_2)","line":22,"loc":{"start":{"line":22,"column":13},"end":{"line":22,"column":27}}},"3":{"name":"(anonymous_3)","line":34,"loc":{"start":{"line":34,"column":15},"end":{"line":34,"column":35}}},"4":{"name":"(anonymous_4)","line":41,"loc":{"start":{"line":41,"column":18},"end":{"line":41,"column":32}}},"5":{"name":"(anonymous_5)","line":55,"loc":{"start":{"line":55,"column":14},"end":{"line":55,"column":30}}},"6":{"name":"(anonymous_6)","line":84,"loc":{"start":{"line":84,"column":40},"end":{"line":84,"column":54}}},"7":{"name":"(anonymous_7)","line":97,"loc":{"start":{"line":97,"column":24},"end":{"line":97,"column":38}}},"8":{"name":"(anonymous_8)","line":105,"loc":{"start":{"line":105,"column":21},"end":{"line":105,"column":32}}},"9":{"name":"(anonymous_9)","line":111,"loc":{"start":{"line":111,"column":26},"end":{"line":111,"column":51}}},"10":{"name":"(anonymous_10)","line":119,"loc":{"start":{"line":119,"column":30},"end":{"line":119,"column":51}}},"11":{"name":"(anonymous_11)","line":123,"loc":{"start":{"line":123,"column":17},"end":{"line":123,"column":28}}},"12":{"name":"(anonymous_12)","line":126,"loc":{"start":{"line":126,"column":25},"end":{"line":126,"column":59}}},"13":{"name":"(anonymous_13)","line":135,"loc":{"start":{"line":135,"column":31},"end":{"line":135,"column":62}}},"14":{"name":"(anonymous_14)","line":141,"loc":{"start":{"line":141,"column":25},"end":{"line":141,"column":36}}},"15":{"name":"(anonymous_15)","line":148,"loc":{"start":{"line":148,"column":31},"end":{"line":148,"column":55}}},"16":{"name":"(anonymous_16)","line":159,"loc":{"start":{"line":159,"column":17},"end":{"line":159,"column":36}}},"17":{"name":"(anonymous_17)","line":169,"loc":{"start":{"line":169,"column":22},"end":{"line":169,"column":36}}},"18":{"name":"(anonymous_18)","line":175,"loc":{"start":{"line":175,"column":16},"end":{"line":175,"column":31}}},"19":{"name":"(anonymous_19)","line":177,"loc":{"start":{"line":177,"column":14},"end":{"line":177,"column":47}}},"20":{"name":"(anonymous_20)","line":189,"loc":{"start":{"line":189,"column":14},"end":{"line":189,"column":25}}},"21":{"name":"(anonymous_21)","line":196,"loc":{"start":{"line":196,"column":23},"end":{"line":196,"column":34}}},"22":{"name":"(anonymous_22)","line":200,"loc":{"start":{"line":200,"column":30},"end":{"line":200,"column":41}}},"23":{"name":"(anonymous_23)","line":216,"loc":{"start":{"line":216,"column":20},"end":{"line":216,"column":31}}},"24":{"name":"(anonymous_24)","line":219,"loc":{"start":{"line":219,"column":20},"end":{"line":219,"column":31}}},"25":{"name":"(anonymous_25)","line":233,"loc":{"start":{"line":233,"column":17},"end":{"line":233,"column":31}}},"26":{"name":"(anonymous_26)","line":238,"loc":{"start":{"line":238,"column":16},"end":{"line":238,"column":34}}},"27":{"name":"(anonymous_27)","line":240,"loc":{"start":{"line":240,"column":21},"end":{"line":240,"column":32}}},"28":{"name":"(anonymous_28)","line":244,"loc":{"start":{"line":244,"column":17},"end":{"line":244,"column":28}}},"29":{"name":"(anonymous_29)","line":247,"loc":{"start":{"line":247,"column":15},"end":{"line":247,"column":29}}},"30":{"name":"(anonymous_30)","line":252,"loc":{"start":{"line":252,"column":15},"end":{"line":252,"column":36}}},"31":{"name":"(anonymous_31)","line":255,"loc":{"start":{"line":255,"column":17},"end":{"line":255,"column":31}}},"32":{"name":"(anonymous_32)","line":276,"loc":{"start":{"line":276,"column":52},"end":{"line":276,"column":63}}},"33":{"name":"(anonymous_33)","line":283,"loc":{"start":{"line":283,"column":23},"end":{"line":283,"column":34}}},"34":{"name":"(anonymous_34)","line":292,"loc":{"start":{"line":292,"column":12},"end":{"line":292,"column":27}}},"35":{"name":"(anonymous_35)","line":325,"loc":{"start":{"line":325,"column":13},"end":{"line":325,"column":53}}},"36":{"name":"(anonymous_36)","line":326,"loc":{"start":{"line":326,"column":14},"end":{"line":326,"column":54}}},"37":{"name":"(anonymous_37)","line":331,"loc":{"start":{"line":331,"column":16},"end":{"line":331,"column":51}}},"38":{"name":"(anonymous_38)","line":345,"loc":{"start":{"line":345,"column":21},"end":{"line":345,"column":47}}},"39":{"name":"(anonymous_39)","line":352,"loc":{"start":{"line":352,"column":28},"end":{"line":352,"column":54}}},"40":{"name":"(anonymous_40)","line":359,"loc":{"start":{"line":359,"column":16},"end":{"line":359,"column":31}}},"41":{"name":"(anonymous_41)","line":363,"loc":{"start":{"line":363,"column":22},"end":{"line":363,"column":37}}},"42":{"name":"(anonymous_42)","line":366,"loc":{"start":{"line":366,"column":17},"end":{"line":366,"column":40}}},"43":{"name":"(anonymous_43)","line":374,"loc":{"start":{"line":374,"column":20},"end":{"line":374,"column":40}}},"44":{"name":"(anonymous_44)","line":381,"loc":{"start":{"line":381,"column":30},"end":{"line":381,"column":41}}},"45":{"name":"(anonymous_45)","line":388,"loc":{"start":{"line":388,"column":20},"end":{"line":388,"column":45}}},"46":{"name":"(anonymous_46)","line":395,"loc":{"start":{"line":395,"column":30},"end":{"line":395,"column":41}}},"47":{"name":"(anonymous_47)","line":405,"loc":{"start":{"line":405,"column":29},"end":{"line":405,"column":41}}},"48":{"name":"(anonymous_48)","line":413,"loc":{"start":{"line":413,"column":12},"end":{"line":413,"column":24}}},"49":{"name":"(anonymous_49)","line":449,"loc":{"start":{"line":449,"column":10},"end":{"line":449,"column":22}}},"50":{"name":"(anonymous_50)","line":452,"loc":{"start":{"line":452,"column":11},"end":{"line":452,"column":23}}},"51":{"name":"(anonymous_51)","line":455,"loc":{"start":{"line":455,"column":70},"end":{"line":455,"column":81}}},"52":{"name":"(anonymous_52)","line":485,"loc":{"start":{"line":485,"column":16},"end":{"line":485,"column":27}}},"53":{"name":"(anonymous_53)","line":510,"loc":{"start":{"line":510,"column":20},"end":{"line":510,"column":31}}},"54":{"name":"(anonymous_54)","line":517,"loc":{"start":{"line":517,"column":41},"end":{"line":517,"column":58}}},"55":{"name":"(anonymous_55)","line":522,"loc":{"start":{"line":522,"column":23},"end":{"line":522,"column":43}}},"56":{"name":"(anonymous_56)","line":532,"loc":{"start":{"line":532,"column":17},"end":{"line":532,"column":52}}},"57":{"name":"(anonymous_57)","line":534,"loc":{"start":{"line":534,"column":12},"end":{"line":534,"column":31}}},"58":{"name":"(anonymous_58)","line":537,"loc":{"start":{"line":537,"column":13},"end":{"line":537,"column":32}}},"59":{"name":"(anonymous_59)","line":543,"loc":{"start":{"line":543,"column":16},"end":{"line":543,"column":27}}},"60":{"name":"(anonymous_60)","line":558,"loc":{"start":{"line":558,"column":17},"end":{"line":558,"column":35}}},"61":{"name":"(anonymous_61)","line":578,"loc":{"start":{"line":578,"column":27},"end":{"line":578,"column":46}}},"62":{"name":"(anonymous_62)","line":600,"loc":{"start":{"line":600,"column":26},"end":{"line":600,"column":45}}},"63":{"name":"(anonymous_63)","line":605,"loc":{"start":{"line":605,"column":14},"end":{"line":605,"column":33}}},"64":{"name":"(anonymous_64)","line":612,"loc":{"start":{"line":612,"column":14},"end":{"line":612,"column":42}}},"65":{"name":"(anonymous_65)","line":616,"loc":{"start":{"line":616,"column":14},"end":{"line":616,"column":42}}},"66":{"name":"(anonymous_66)","line":620,"loc":{"start":{"line":620,"column":15},"end":{"line":620,"column":29}}}},"statementMap":{"1":{"start":{"line":3,"column":0},"end":{"line":3,"column":34}},"2":{"start":{"line":4,"column":0},"end":{"line":4,"column":50}},"3":{"start":{"line":5,"column":0},"end":{"line":5,"column":36}},"4":{"start":{"line":6,"column":0},"end":{"line":6,"column":15}},"5":{"start":{"line":7,"column":0},"end":{"line":7,"column":42}},"6":{"start":{"line":8,"column":0},"end":{"line":8,"column":52}},"7":{"start":{"line":9,"column":0},"end":{"line":9,"column":40}},"8":{"start":{"line":10,"column":0},"end":{"line":10,"column":59}},"9":{"start":{"line":12,"column":0},"end":{"line":173,"column":2}},"10":{"start":{"line":13,"column":2},"end":{"line":13,"column":18}},"11":{"start":{"line":14,"column":2},"end":{"line":14,"column":24}},"12":{"start":{"line":15,"column":2},"end":{"line":21,"column":4}},"13":{"start":{"line":22,"column":2},"end":{"line":33,"column":4}},"14":{"start":{"line":23,"column":4},"end":{"line":31,"column":5}},"15":{"start":{"line":24,"column":6},"end":{"line":27,"column":8}},"16":{"start":{"line":30,"column":6},"end":{"line":30,"column":109}},"17":{"start":{"line":32,"column":4},"end":{"line":32,"column":16}},"18":{"start":{"line":34,"column":2},"end":{"line":40,"column":4}},"19":{"start":{"line":35,"column":4},"end":{"line":38,"column":6}},"20":{"start":{"line":39,"column":4},"end":{"line":39,"column":16}},"21":{"start":{"line":41,"column":2},"end":{"line":54,"column":4}},"22":{"start":{"line":42,"column":4},"end":{"line":52,"column":5}},"23":{"start":{"line":43,"column":6},"end":{"line":48,"column":8}},"24":{"start":{"line":51,"column":6},"end":{"line":51,"column":127}},"25":{"start":{"line":53,"column":4},"end":{"line":53,"column":16}},"26":{"start":{"line":55,"column":2},"end":{"line":104,"column":4}},"27":{"start":{"line":56,"column":4},"end":{"line":62,"column":5}},"28":{"start":{"line":57,"column":6},"end":{"line":61,"column":8}},"29":{"start":{"line":64,"column":4},"end":{"line":65,"column":23}},"30":{"start":{"line":67,"column":4},"end":{"line":82,"column":5}},"31":{"start":{"line":69,"column":8},"end":{"line":69,"column":38}},"32":{"start":{"line":70,"column":8},"end":{"line":70,"column":36}},"33":{"start":{"line":71,"column":8},"end":{"line":71,"column":14}},"34":{"start":{"line":73,"column":8},"end":{"line":73,"column":35}},"35":{"start":{"line":74,"column":8},"end":{"line":74,"column":33}},"36":{"start":{"line":75,"column":8},"end":{"line":78,"column":9}},"37":{"start":{"line":76,"column":10},"end":{"line":76,"column":106}},"38":{"start":{"line":77,"column":10},"end":{"line":77,"column":22}},"39":{"start":{"line":79,"column":8},"end":{"line":79,"column":14}},"40":{"start":{"line":81,"column":8},"end":{"line":81,"column":14}},"41":{"start":{"line":84,"column":4},"end":{"line":90,"column":7}},"42":{"start":{"line":85,"column":6},"end":{"line":88,"column":7}},"43":{"start":{"line":86,"column":8},"end":{"line":86,"column":76}},"44":{"start":{"line":87,"column":8},"end":{"line":87,"column":21}},"45":{"start":{"line":89,"column":6},"end":{"line":89,"column":18}},"46":{"start":{"line":92,"column":4},"end":{"line":94,"column":5}},"47":{"start":{"line":93,"column":6},"end":{"line":93,"column":18}},"48":{"start":{"line":97,"column":4},"end":{"line":99,"column":7}},"49":{"start":{"line":98,"column":6},"end":{"line":98,"column":44}},"50":{"start":{"line":101,"column":4},"end":{"line":101,"column":40}},"51":{"start":{"line":103,"column":4},"end":{"line":103,"column":16}},"52":{"start":{"line":105,"column":2},"end":{"line":110,"column":4}},"53":{"start":{"line":106,"column":4},"end":{"line":108,"column":6}},"54":{"start":{"line":109,"column":4},"end":{"line":109,"column":16}},"55":{"start":{"line":111,"column":2},"end":{"line":117,"column":4}},"56":{"start":{"line":112,"column":4},"end":{"line":112,"column":51}},"57":{"start":{"line":113,"column":4},"end":{"line":115,"column":5}},"58":{"start":{"line":114,"column":6},"end":{"line":114,"column":30}},"59":{"start":{"line":116,"column":4},"end":{"line":116,"column":16}},"60":{"start":{"line":118,"column":2},"end":{"line":118,"column":31}},"61":{"start":{"line":119,"column":2},"end":{"line":121,"column":4}},"62":{"start":{"line":120,"column":4},"end":{"line":120,"column":49}},"63":{"start":{"line":123,"column":2},"end":{"line":125,"column":4}},"64":{"start":{"line":124,"column":4},"end":{"line":124,"column":66}},"65":{"start":{"line":126,"column":2},"end":{"line":134,"column":4}},"66":{"start":{"line":127,"column":4},"end":{"line":131,"column":6}},"67":{"start":{"line":132,"column":4},"end":{"line":132,"column":65}},"68":{"start":{"line":133,"column":4},"end":{"line":133,"column":16}},"69":{"start":{"line":135,"column":2},"end":{"line":140,"column":4}},"70":{"start":{"line":136,"column":4},"end":{"line":138,"column":6}},"71":{"start":{"line":139,"column":4},"end":{"line":139,"column":57}},"72":{"start":{"line":141,"column":2},"end":{"line":147,"column":4}},"73":{"start":{"line":142,"column":4},"end":{"line":144,"column":6}},"74":{"start":{"line":145,"column":4},"end":{"line":145,"column":65}},"75":{"start":{"line":146,"column":4},"end":{"line":146,"column":16}},"76":{"start":{"line":148,"column":2},"end":{"line":155,"column":4}},"77":{"start":{"line":149,"column":4},"end":{"line":152,"column":6}},"78":{"start":{"line":153,"column":4},"end":{"line":153,"column":65}},"79":{"start":{"line":154,"column":4},"end":{"line":154,"column":16}},"80":{"start":{"line":159,"column":2},"end":{"line":166,"column":4}},"81":{"start":{"line":160,"column":4},"end":{"line":164,"column":5}},"82":{"start":{"line":161,"column":6},"end":{"line":161,"column":41}},"83":{"start":{"line":163,"column":6},"end":{"line":163,"column":39}},"84":{"start":{"line":165,"column":4},"end":{"line":165,"column":16}},"85":{"start":{"line":169,"column":2},"end":{"line":172,"column":4}},"86":{"start":{"line":170,"column":4},"end":{"line":170,"column":34}},"87":{"start":{"line":171,"column":4},"end":{"line":171,"column":16}},"88":{"start":{"line":175,"column":0},"end":{"line":236,"column":2}},"89":{"start":{"line":176,"column":2},"end":{"line":176,"column":19}},"90":{"start":{"line":177,"column":2},"end":{"line":188,"column":4}},"91":{"start":{"line":178,"column":4},"end":{"line":187,"column":5}},"92":{"start":{"line":179,"column":6},"end":{"line":183,"column":7}},"93":{"start":{"line":180,"column":8},"end":{"line":180,"column":62}},"94":{"start":{"line":182,"column":8},"end":{"line":182,"column":28}},"95":{"start":{"line":185,"column":6},"end":{"line":185,"column":65}},"96":{"start":{"line":186,"column":6},"end":{"line":186,"column":26}},"97":{"start":{"line":189,"column":2},"end":{"line":195,"column":4}},"98":{"start":{"line":190,"column":4},"end":{"line":193,"column":5}},"99":{"start":{"line":191,"column":6},"end":{"line":191,"column":56}},"100":{"start":{"line":192,"column":6},"end":{"line":192,"column":13}},"101":{"start":{"line":194,"column":4},"end":{"line":194,"column":34}},"102":{"start":{"line":196,"column":2},"end":{"line":199,"column":4}},"103":{"start":{"line":197,"column":4},"end":{"line":197,"column":34}},"104":{"start":{"line":198,"column":4},"end":{"line":198,"column":70}},"105":{"start":{"line":200,"column":2},"end":{"line":203,"column":4}},"106":{"start":{"line":201,"column":4},"end":{"line":201,"column":34}},"107":{"start":{"line":202,"column":4},"end":{"line":202,"column":77}},"108":{"start":{"line":205,"column":2},"end":{"line":205,"column":21}},"109":{"start":{"line":206,"column":2},"end":{"line":206,"column":28}},"110":{"start":{"line":207,"column":2},"end":{"line":207,"column":22}},"111":{"start":{"line":209,"column":2},"end":{"line":213,"column":3}},"112":{"start":{"line":210,"column":4},"end":{"line":210,"column":55}},"113":{"start":{"line":211,"column":4},"end":{"line":211,"column":76}},"114":{"start":{"line":212,"column":4},"end":{"line":212,"column":37}},"115":{"start":{"line":215,"column":2},"end":{"line":215,"column":48}},"116":{"start":{"line":216,"column":2},"end":{"line":218,"column":4}},"117":{"start":{"line":217,"column":4},"end":{"line":217,"column":33}},"118":{"start":{"line":219,"column":2},"end":{"line":221,"column":4}},"119":{"start":{"line":220,"column":4},"end":{"line":220,"column":19}},"120":{"start":{"line":225,"column":2},"end":{"line":225,"column":50}},"121":{"start":{"line":227,"column":2},"end":{"line":227,"column":47}},"122":{"start":{"line":229,"column":2},"end":{"line":229,"column":56}},"123":{"start":{"line":231,"column":2},"end":{"line":231,"column":76}},"124":{"start":{"line":233,"column":2},"end":{"line":235,"column":4}},"125":{"start":{"line":234,"column":4},"end":{"line":234,"column":38}},"126":{"start":{"line":238,"column":0},"end":{"line":288,"column":2}},"127":{"start":{"line":239,"column":2},"end":{"line":239,"column":52}},"128":{"start":{"line":240,"column":2},"end":{"line":242,"column":4}},"129":{"start":{"line":241,"column":4},"end":{"line":241,"column":23}},"130":{"start":{"line":243,"column":2},"end":{"line":282,"column":3}},"131":{"start":{"line":244,"column":4},"end":{"line":246,"column":6}},"132":{"start":{"line":245,"column":6},"end":{"line":245,"column":36}},"133":{"start":{"line":247,"column":4},"end":{"line":251,"column":6}},"134":{"start":{"line":250,"column":6},"end":{"line":250,"column":39}},"135":{"start":{"line":252,"column":4},"end":{"line":254,"column":6}},"136":{"start":{"line":253,"column":6},"end":{"line":253,"column":35}},"137":{"start":{"line":255,"column":4},"end":{"line":261,"column":6}},"138":{"start":{"line":256,"column":6},"end":{"line":260,"column":7}},"139":{"start":{"line":257,"column":8},"end":{"line":257,"column":36}},"140":{"start":{"line":259,"column":8},"end":{"line":259,"column":29}},"141":{"start":{"line":262,"column":4},"end":{"line":269,"column":6}},"142":{"start":{"line":273,"column":4},"end":{"line":273,"column":47}},"143":{"start":{"line":274,"column":4},"end":{"line":274,"column":39}},"144":{"start":{"line":276,"column":4},"end":{"line":278,"column":6}},"145":{"start":{"line":277,"column":6},"end":{"line":277,"column":25}},"146":{"start":{"line":279,"column":4},"end":{"line":279,"column":22}},"147":{"start":{"line":280,"column":4},"end":{"line":280,"column":25}},"148":{"start":{"line":281,"column":4},"end":{"line":281,"column":26}},"149":{"start":{"line":283,"column":2},"end":{"line":287,"column":4}},"150":{"start":{"line":286,"column":4},"end":{"line":286,"column":55}},"151":{"start":{"line":290,"column":0},"end":{"line":290,"column":16}},"152":{"start":{"line":292,"column":0},"end":{"line":634,"column":2}},"153":{"start":{"line":293,"column":2},"end":{"line":295,"column":3}},"154":{"start":{"line":294,"column":4},"end":{"line":294,"column":68}},"155":{"start":{"line":297,"column":2},"end":{"line":297,"column":18}},"156":{"start":{"line":298,"column":2},"end":{"line":298,"column":19}},"157":{"start":{"line":299,"column":2},"end":{"line":313,"column":4}},"158":{"start":{"line":316,"column":2},"end":{"line":316,"column":32}},"159":{"start":{"line":319,"column":2},"end":{"line":319,"column":36}},"160":{"start":{"line":322,"column":2},"end":{"line":322,"column":20}},"161":{"start":{"line":325,"column":2},"end":{"line":325,"column":56}},"162":{"start":{"line":326,"column":2},"end":{"line":326,"column":57}},"163":{"start":{"line":329,"column":2},"end":{"line":329,"column":23}},"164":{"start":{"line":330,"column":2},"end":{"line":330,"column":20}},"165":{"start":{"line":331,"column":2},"end":{"line":343,"column":4}},"166":{"start":{"line":332,"column":4},"end":{"line":335,"column":5}},"167":{"start":{"line":333,"column":6},"end":{"line":333,"column":20}},"168":{"start":{"line":334,"column":6},"end":{"line":334,"column":20}},"169":{"start":{"line":336,"column":4},"end":{"line":339,"column":6}},"170":{"start":{"line":340,"column":4},"end":{"line":342,"column":5}},"171":{"start":{"line":341,"column":6},"end":{"line":341,"column":47}},"172":{"start":{"line":344,"column":2},"end":{"line":344,"column":37}},"173":{"start":{"line":345,"column":2},"end":{"line":350,"column":4}},"174":{"start":{"line":346,"column":4},"end":{"line":349,"column":6}},"175":{"start":{"line":351,"column":2},"end":{"line":351,"column":44}},"176":{"start":{"line":352,"column":2},"end":{"line":357,"column":4}},"177":{"start":{"line":353,"column":4},"end":{"line":356,"column":6}},"178":{"start":{"line":358,"column":2},"end":{"line":358,"column":25}},"179":{"start":{"line":359,"column":2},"end":{"line":361,"column":4}},"180":{"start":{"line":360,"column":4},"end":{"line":360,"column":27}},"181":{"start":{"line":362,"column":2},"end":{"line":362,"column":31}},"182":{"start":{"line":363,"column":2},"end":{"line":365,"column":4}},"183":{"start":{"line":364,"column":4},"end":{"line":364,"column":33}},"184":{"start":{"line":366,"column":2},"end":{"line":482,"column":4}},"185":{"start":{"line":367,"column":4},"end":{"line":367,"column":50}},"186":{"start":{"line":368,"column":4},"end":{"line":368,"column":60}},"187":{"start":{"line":369,"column":4},"end":{"line":369,"column":29}},"188":{"start":{"line":370,"column":4},"end":{"line":370,"column":37}},"189":{"start":{"line":371,"column":4},"end":{"line":371,"column":41}},"190":{"start":{"line":374,"column":4},"end":{"line":387,"column":6}},"191":{"start":{"line":375,"column":6},"end":{"line":375,"column":25}},"192":{"start":{"line":376,"column":6},"end":{"line":376,"column":42}},"193":{"start":{"line":377,"column":6},"end":{"line":380,"column":7}},"194":{"start":{"line":378,"column":8},"end":{"line":378,"column":28}},"195":{"start":{"line":379,"column":8},"end":{"line":379,"column":92}},"196":{"start":{"line":381,"column":6},"end":{"line":386,"column":9}},"197":{"start":{"line":382,"column":8},"end":{"line":384,"column":9}},"198":{"start":{"line":383,"column":10},"end":{"line":383,"column":35}},"199":{"start":{"line":385,"column":8},"end":{"line":385,"column":33}},"200":{"start":{"line":388,"column":4},"end":{"line":403,"column":6}},"201":{"start":{"line":389,"column":6},"end":{"line":389,"column":25}},"202":{"start":{"line":390,"column":6},"end":{"line":390,"column":42}},"203":{"start":{"line":391,"column":6},"end":{"line":394,"column":7}},"204":{"start":{"line":392,"column":8},"end":{"line":392,"column":28}},"205":{"start":{"line":393,"column":8},"end":{"line":393,"column":92}},"206":{"start":{"line":395,"column":6},"end":{"line":402,"column":9}},"207":{"start":{"line":396,"column":8},"end":{"line":399,"column":9}},"208":{"start":{"line":397,"column":10},"end":{"line":397,"column":35}},"209":{"start":{"line":398,"column":10},"end":{"line":398,"column":20}},"210":{"start":{"line":401,"column":8},"end":{"line":401,"column":33}},"211":{"start":{"line":405,"column":4},"end":{"line":481,"column":7}},"212":{"start":{"line":408,"column":6},"end":{"line":408,"column":41}},"213":{"start":{"line":409,"column":6},"end":{"line":411,"column":7}},"214":{"start":{"line":410,"column":8},"end":{"line":410,"column":79}},"215":{"start":{"line":412,"column":6},"end":{"line":412,"column":24}},"216":{"start":{"line":414,"column":6},"end":{"line":447,"column":7}},"217":{"start":{"line":415,"column":8},"end":{"line":446,"column":9}},"218":{"start":{"line":416,"column":10},"end":{"line":416,"column":56}},"219":{"start":{"line":417,"column":10},"end":{"line":421,"column":11}},"220":{"start":{"line":418,"column":12},"end":{"line":418,"column":88}},"221":{"start":{"line":420,"column":12},"end":{"line":420,"column":36}},"222":{"start":{"line":422,"column":15},"end":{"line":446,"column":9}},"223":{"start":{"line":423,"column":10},"end":{"line":427,"column":11}},"224":{"start":{"line":424,"column":12},"end":{"line":424,"column":71}},"225":{"start":{"line":426,"column":12},"end":{"line":426,"column":39}},"226":{"start":{"line":428,"column":15},"end":{"line":446,"column":9}},"227":{"start":{"line":429,"column":10},"end":{"line":431,"column":11}},"228":{"start":{"line":430,"column":12},"end":{"line":430,"column":77}},"229":{"start":{"line":432,"column":15},"end":{"line":446,"column":9}},"230":{"start":{"line":433,"column":10},"end":{"line":433,"column":44}},"231":{"start":{"line":434,"column":10},"end":{"line":434,"column":72}},"232":{"start":{"line":435,"column":10},"end":{"line":437,"column":11}},"233":{"start":{"line":436,"column":12},"end":{"line":436,"column":86}},"234":{"start":{"line":438,"column":15},"end":{"line":446,"column":9}},"235":{"start":{"line":439,"column":10},"end":{"line":439,"column":62}},"236":{"start":{"line":440,"column":10},"end":{"line":440,"column":105}},"237":{"start":{"line":441,"column":10},"end":{"line":443,"column":11}},"238":{"start":{"line":442,"column":12},"end":{"line":442,"column":94}},"239":{"start":{"line":445,"column":10},"end":{"line":445,"column":39}},"240":{"start":{"line":450,"column":6},"end":{"line":450,"column":29}},"241":{"start":{"line":453,"column":6},"end":{"line":470,"column":7}},"242":{"start":{"line":455,"column":8},"end":{"line":462,"column":11}},"243":{"start":{"line":456,"column":12},"end":{"line":459,"column":13}},"244":{"start":{"line":457,"column":16},"end":{"line":457,"column":41}},"245":{"start":{"line":458,"column":16},"end":{"line":458,"column":39}},"246":{"start":{"line":461,"column":12},"end":{"line":461,"column":37}},"247":{"start":{"line":463,"column":13},"end":{"line":470,"column":7}},"248":{"start":{"line":464,"column":8},"end":{"line":469,"column":9}},"249":{"start":{"line":465,"column":10},"end":{"line":465,"column":41}},"250":{"start":{"line":466,"column":10},"end":{"line":466,"column":34}},"251":{"start":{"line":468,"column":10},"end":{"line":468,"column":49}},"252":{"start":{"line":471,"column":6},"end":{"line":479,"column":7}},"253":{"start":{"line":472,"column":8},"end":{"line":478,"column":9}},"254":{"start":{"line":473,"column":10},"end":{"line":473,"column":77}},"255":{"start":{"line":474,"column":15},"end":{"line":478,"column":9}},"256":{"start":{"line":475,"column":10},"end":{"line":475,"column":69}},"257":{"start":{"line":477,"column":10},"end":{"line":477,"column":58}},"258":{"start":{"line":480,"column":6},"end":{"line":480,"column":14}},"259":{"start":{"line":485,"column":2},"end":{"line":507,"column":4}},"260":{"start":{"line":486,"column":4},"end":{"line":489,"column":30}},"261":{"start":{"line":490,"column":4},"end":{"line":505,"column":5}},"262":{"start":{"line":491,"column":6},"end":{"line":491,"column":40}},"263":{"start":{"line":492,"column":6},"end":{"line":494,"column":8}},"264":{"start":{"line":495,"column":6},"end":{"line":503,"column":7}},"265":{"start":{"line":496,"column"
[...]
AUNCH_FUNCTION\": \"Try telling the application what to do instead of opening it\",","    // when a request type was not recognized","    \"INVALID_REQUEST_TYPE\": \"Error: not a valid request\",","    // when a request and response don't contain session object","    // https://developer.amazon.com/public/solutions/alexa/alexa-skills-kit/docs/alexa-skills-kit-interface-reference#request-body-parameters","    \"NO_SESSION\": \"This request doesn't support session attributes\",","    // if some other exception happens","    \"GENERIC_ERROR\": \"Sorry, the application encountered an error\"","  };","","  // persist session variables from every request into every response","  this.persistentSession = true;","","  // use a minimal set of utterances or the full cartesian product","  this.exhaustiveUtterances = false;","","  // a catch-all error handler do nothing by default","  this.error = null;","","  // pre/post hooks to be run on every request","  this.pre = function( /*request, response, type*/ ) {};","  this.post = function( /*request, response, type*/ ) {};","","  // a mapping of keywords to arrays of possible values, for expansion of sample utterances","  this.dictionary = {};","  this.intents = {};","  this.intent = function(intentName, schema, func) {","    if (typeof schema == \"function\") {","      func = schema;","      schema = null;","    }","    self.intents[intentName] = {","      \"name\": intentName,","      \"function\": func","    };","    if (schema) {","      self.intents[intentName].schema = schema;","    }","  };","  this.audioPlayerEventHandlers = {};","  this.audioPlayer = function(eventName, func) {","    self.audioPlayerEventHandlers[eventName] = {","      \"name\": eventName,","      \"function\": func","    };","  };","  this.playbackControllerEventHandlers = {};","  this.playbackController = function(eventName, func) {","    self.playbackControllerEventHandlers[eventName] = {","      \"name\": eventName,","      \"function\": func","    };","  };","  this.launchFunc = null;","  this.launch = function(func) {","    self.launchFunc = func;","  };","  this.sessionEndedFunc = null;","  this.sessionEnded = function(func) {","    self.sessionEndedFunc = func;","  };","  this.request = function(request_json) {","    var request = new alexa.request(request_json);","    var response = new alexa.response(request.getSession());","    var postExecuted = false;","    var requestType = request.type();","    var promiseChain = Promise.resolve();","","    // attach Promise resolve/reject functions to the response object","    response.send = function(exception) {","      response.prepare();","      var postPromise = Promise.resolve();","      if (typeof self.post == \"function\" && !postExecuted) {","        postExecuted = true;","        postPromise = Promise.resolve(self.post(request, response, requestType, exception));","      }","      return postPromise.then(function() {","        if (!response.resolved) {","          response.resolved = true;","        }","        return response.response;","      });","    };","    response.fail = function(msg, exception) {","      response.prepare();","      var postPromise = Promise.resolve();","      if (typeof self.post == \"function\" && !postExecuted) {","        postExecuted = true;","        postPromise = Promise.resolve(self.post(request, response, requestType, exception));","      }","      return postPromise.then(function() {","        if (!response.resolved) {","          response.resolved = true;","          throw msg;","        }","        // propagate successful response if it's already been resolved","        return response.response;","      });","    };","","    return promiseChain.then(function () {","      // Call to `.pre` can also throw, so we wrap it in a promise here to","      // propagate errors to the error handler","      var prePromise = Promise.resolve();","      if (typeof self.pre == \"function\") {","        prePromise = Promise.resolve(self.pre(request, response, requestType));","      }","      return prePromise;","    }).then(function () {","      if (!response.resolved) {","        if (\"IntentRequest\" === requestType) {","          var intent = request_json.request.intent.name;","          if (typeof self.intents[intent] != \"undefined\" && typeof self.intents[intent][\"function\"] == \"function\") {","            return Promise.resolve(self.intents[intent][\"function\"](request, response));","          } else {","            throw \"NO_INTENT_FOUND\";","          }","        } else if (\"LaunchRequest\" === requestType) {","          if (typeof self.launchFunc == \"function\") {","            return Promise.resolve(self.launchFunc(request, response));","          } else {","            throw \"NO_LAUNCH_FUNCTION\";","          }","        } else if (\"SessionEndedRequest\" === requestType) {","          if (typeof self.sessionEndedFunc == \"function\") {","            return Promise.resolve(self.sessionEndedFunc(request, response));","          }","        } else if (request.isAudioPlayer()) {","          var event = requestType.slice(12);","          var eventHandlerObject = self.audioPlayerEventHandlers[event];","          if (typeof eventHandlerObject != \"undefined\" && typeof eventHandlerObject[\"function\"] == \"function\") {","            return Promise.resolve(eventHandlerObject[\"function\"](request, response));","          }","        } else if (request.isPlaybackController()) {","          var playbackControllerEvent = requestType.slice(19);","          var playbackEventHandlerObject = self.playbackControllerEventHandlers[playbackControllerEvent];","          if (typeof playbackEventHandlerObject != \"undefined\" && typeof playbackEventHandlerObject[\"function\"] == \"function\") {","            return Promise.resolve(playbackEventHandlerObject[\"function\"](request, response));","          }","        } else {","          throw \"INVALID_REQUEST_TYPE\";","        }","      }","    })","    .then(function () {","      return response.send();","    })","    .catch(function(e) {","      if (typeof self.error == \"function\") {","        // Default behavior of any error handler is to send a response","        return Promise.resolve(self.error(e, request, response)).then(function() {","            if (!response.resolved) {","                response.resolved = true;","                return response.send();","            }","            // propagate successful response if it's already been resolved","            return response.response;","        });","      } else if (typeof e == \"string\" && self.messages[e]) {","        if (!request.isAudioPlayer()) {","          response.say(self.messages[e]);","          return response.send(e);","        } else {","          return response.fail(self.messages[e]);","        }","      }","      if (!response.resolved) {","        if (e.message) {","          return response.fail(\"Unhandled exception: \" + e.message + \".\", e);","        } else if (typeof e == \"string\") {","          return response.fail(\"Unhandled exception: \" + e + \".\", e);","        } else {","          return response.fail(\"Unhandled exception.\", e);","        }","      }","      throw e;","    });","  };","","  // extract the schema and generate a schema JSON object","  this.schema = function() {","    var schema = {","        \"intents\": []","      },","      intentName, intent, key;","    for (intentName in self.intents) {","      intent = self.intents[intentName];","      var intentSchema = {","        \"intent\": intent.name","      };","      if (intent.schema && intent.schema.slots && Object.keys(intent.schema.slots).length > 0) {","        intentSchema[\"slots\"] = [];","        for (key in intent.schema.slots) {","          intentSchema.slots.push({","            \"name\": key,","            \"type\": intent.schema.slots[key]","          });","        }","      }","      schema.intents.push(intentSchema);","    }","    return JSON.stringify(schema, null, 3);","  };","","  // generate a list of sample utterances","  this.utterances = function() {","    var intentName,","      intent,","      out = \"\";","    for (intentName in self.intents) {","      intent = self.intents[intentName];","      if (intent.schema && intent.schema.utterances) {","        intent.schema.utterances.forEach(function(sample) {","          var list = AlexaUtterances(sample,","            intent.schema.slots,","            self.dictionary,","            self.exhaustiveUtterances);","          list.forEach(function(utterance) {","            out += intent.name + \" \" + (utterance.replace(/\\s+/g, \" \")).trim() + \"\\n\";","          });","        });","      }","    }","    return out;","  };","","  // a built-in handler for AWS Lambda","  this.handler = function(event, context, callback) {","    self.request(event)","      .then(function(response) {","        callback(null, response);","      })","      .catch(function(response) {","        callback(response);","      });","  };","","  // for backwards compatibility","  this.lambda = function() {","    return self.handler;","  };","","  // attach Alexa endpoint to an express router","  //","  // @param object options.expressApp the express instance to attach to","  // @param router options.router router instance to attach to the express app","  // @param string options.endpoint the path to attach the router to (e.g., passing 'mine' attaches to '/mine')","  // @param bool options.checkCert when true, applies Alexa certificate checking (default true)","  // @param bool options.debug when true, sets up the route to handle GET requests (default false)","  // @param function options.preRequest function to execute before every POST","  // @param function options.postRequest function to execute after every POST","  // @throws Error when router or expressApp options are not specified","  // @returns this","  this.express = function(options) {","    if (!options.expressApp && !options.router) {","      throw new Error(\"You must specify an express app or an express router to attach to.\");","    }","","    var defaultOptions = { endpoint: \"/\" + self.name, checkCert: true, debug: false };","","    options = defaults(options, defaultOptions);","","    // In ExpressJS, user specifies their paths without the '/' prefix","    var deprecated = options.expressApp && options.router;","    var endpoint = deprecated ? '/' : normalizeApiPath(options.endpoint);","    var target = deprecated ? options.router : (options.expressApp || options.router);","","    if (deprecated) {","      options.expressApp.use(normalizeApiPath(options.endpoint), options.router);","      console.warn(\"Usage deprecated: Both 'expressApp' and 'router' are specified.\\nMore details on https://github.com/alexa-js/alexa-app/blob/master/UPGRADING.md\");","    }","","    if (options.debug) {","      target.get(endpoint, function(req, res) {","        if (typeof req.query['schema'] != \"undefined\") {","          res.set('Content-Type', 'text/plain').send(self.schema());","        } else if (typeof req.query['utterances'] != \"undefined\") {","          res.set('Content-Type', 'text/plain').send(self.utterances());","        } else {","          res.render(\"test\", {","            \"app\": self,","            \"schema\": self.schema(),","            \"utterances\": self.utterances()","          });","        }","      });","    }","","    if (options.checkCert) {","      target.use(endpoint, verifier);","    } else {","      target.use(endpoint, bodyParser.json());","    }","","    // exposes POST /<endpoint> route","    target.post(endpoint, function(req, res) {","      var json = req.body,","        response_json;","      // preRequest and postRequest may return altered request JSON, or undefined, or a Promise","      Promise.resolve(typeof options.preRequest == \"function\" ? options.preRequest(json, req, res) : json)","        .then(function(json_new) {","          if (json_new) {","            json = json_new;","          }","          return json;","        })","        .then(self.request)","        .then(function(app_response_json) {","          response_json = app_response_json;","          return Promise.resolve(typeof options.postRequest == \"function\" ? options.postRequest(app_response_json, req, res) : app_response_json);","        })","        .then(function(response_json_new) {","          response_json = response_json_new || response_json;","          res.json(response_json).send();","        })","        .catch(function(err) {","          console.error(err);","          res.status(500).send(\"Server Error\");","        });","    });","","  };","","  // add the app to the global list of named apps","  if (name) {","    alexa.apps[name] = self;","  }","","  return this;","};","","module.exports = alexa;",""],"l":{"3":1,"4":1,"5":1,"6":1,"7":1,"8":1,"9":1,"10":1,"12":1,"13":0,"14":0,"15":0,"22":0,"23":0,"24":0,"30":0,"32":0,"34":0,"35":0,"39":0,"41":0,"42":0,"43":0,"51":0,"53":0,"55":0,"56":0,"57":0,"64":0,"67":0,"69":0,"70":0,"71":0,"73":0,"74":0,"75":0,"76":0,"77":0,"79":0,"81":0,"84":0,"85":0,"86":0,"87":0,"89":0,"92":0,"93":0,"97":0,"98":0,"101":0,"103":0,"105":0,"106":0,"109":0,"111":0,"112":0,"113":0,"114":0,"116":0,"118":0,"119":0,"120":0,"123":0,"124":0,"126":0,"127":0,"132":0,"133":0,"135":0,"136":0,"139":0,"141":0,"142":0,"145":0,"146":0,"148":0,"149":0,"153":0,"154":0,"159":0,"160":0,"161":0,"163":0,"165":0,"169":0,"170":0,"171":0,"175":1,"176":0,"177":0,"178":0,"179":0,"180":0,"182":0,"185":0,"186":0,"189":0,"190":0,"191":0,"192":0,"194":0,"196":0,"197":0,"198":0,"200":0,"201":0,"202":0,"205":0,"206":0,"207":0,"209":0,"210":0,"211":0,"212":0,"215":0,"216":0,"217":0,"219":0,"220":0,"225":0,"227":0,"229":0,"231":0,"233":0,"234":0,"238":1,"239":0,"240":0,"241":0,"243":0,"244":0,"245":0,"247":0,"250":0,"252":0,"253":0,"255":0,"256":0,"257":0,"259":0,"262":0,"273":0,"274":0,"276":0,"277":0,"279":0,"280":0,"281":0,"283":0,"286":0,"290":1,"292":1,"293":0,"294":0,"297":0,"298":0,"299":0,"316":0,"319":0,"322":0,"325":0,"326":0,"329":0,"330":0,"331":0,"332":0,"333":0,"334":0,"336":0,"340":0,"341":0,"344":0,"345":0,"346":0,"351":0,"352":0,"353":0,"358":0,"359":0,"360":0,"362":0,"363":0,"364":0,"366":0,"367":0,"368":0,"369":0,"370":0,"371":0,"374":0,"375":0,"376":0,"377":0,"378":0,"379":0,"381":0,"382":0,"383":0,"385":0,"388":0,"389":0,"390":0,"391":0,"392":0,"393":0,"395":0,"396":0,"397":0,"398":0,"401":0,"405":0,"408":0,"409":0,"410":0,"412":0,"414":0,"415":0,"416":0,"417":0,"418":0,"420":0,"422":0,"423":0,"424":0,"426":0,"428":0,"429":0,"430":0,"432":0,"433":0,"434":0,"435":0,"436":0,"438":0,"439":0,"440":0,"441":0,"442":0,"445":0,"450":0,"453":0,"455":0,"456":0,"457":0,"458":0,"461":0,"463":0,"464":0,"465":0,"466":0,"468":0,"471":0,"472":0,"473":0,"474":0,"475":0,"477":0,"480":0,"485":0,"486":0,"490":0,"491":0,"492":0,"495":0,"496":0,"497":0,"498":0,"504":0,"506":0,"510":0,"511":0,"514":0,"515":0,"516":0,"517":0,"518":0,"522":0,"523":0,"528":0,"532":0,"533":0,"535":0,"538":0,"543":0,"544":0,"558":0,"559":0,"560":0,"563":0,"565":0,"568":0,"569":0,"570":0,"572":0,"573":0,"574":0,"577":0,"578":0,"579":0,"580":0,"581":0,"582":0,"584":0,"593":0,"594":0,"596":0,"600":0,"601":0,"604":0,"606":0,"607":0,"609":0,"613":0,"614":0,"617":0,"618":0,"621":0,"622":0,"629":0,"630":0,"633":0,"636":1}},"/home/travis/build/npmtest/node-npmtest-alexa-app/node_modules/alexa-app/lib/to-ssml.js":{"path":"/home/travis/build/npmtest/node-npmtest-alexa-app/node_modules/alexa-app/lib/to-ssml.js","s":{"1":1,"2":0,"3":0,"4":0,"5":0,"6":0,"7":0,"8":0,"9":1,"10":1},"b":{"1":[0,0],"2":[0,0],"3":[0,0]},"f":{"1":0,"2":0},"fnMap":{"1":{"name":"(anonymous_1)","line":17,"loc":{"start":{"line":17,"column":11},"end":{"line":17,"column":39}}},"2":{"name":"(anonymous_2)","line":32,"loc":{"start":{"line":32,"column":11},"end":{"line":32,"column":25}}}},"statementMap":{"1":{"start":{"line":16,"column":0},"end":{"line":40,"column":2}},"2":{"start":{"line":19,"column":4},"end":{"line":19,"column":20}},"3":{"start":{"line":20,"column":4},"end":{"line":20,"column":75}},"4":{"start":{"line":23,"column":4},"end":{"line":23,"column":38}},"5":{"start":{"line":24,"column":4},"end":{"line":24,"column":93}},"6":{"start":{"line":28,"column":4},"end":{"line":28,"column":98}},"7":{"start":{"line":30,"column":4},"end":{"line":30,"column":40}},"8":{"start":{"line":34,"column":4},"end":{"line":38,"column":14}},"9":{"start":{"line":42,"column":0},"end":{"line":42,"column":23}},"10":{"start":{"line":43,"column":0},"end":{"line":43,"column":22}}},"branchMap":{"1":{"line":19,"type":"binary-expr","locations":[{"start":{"line":19,"column":10},"end":{"line":19,"column":13}},{"start":{"line":19,"column":17},"end":{"line":19,"column":19}}]},"2":{"line":23,"type":"binary-expr","locations":[{"start":{"line":23,"column":19},"end":{"line":23,"column":31}},{"start":{"line":23,"column":35},"end":{"line":23,"column":37}}]},"3":{"line":28,"type":"cond-expr","locations":[{"start":{"line":28,"column":69},"end":{"line":28,"column":71}},{"start":{"line":28,"column":74},"end":{"line":28,"column":77}}]}},"code":["/**"," Copyright 2015 Rick Wargo. All Rights Reserved.",""," Licensed under the Apache License, Version 2.0 (the \"License\"). You may not use this file except in compliance with the License. A copy of the License is located at",""," http://aws.amazon.com/apache2.0/",""," or in the \"license\" file accompanying this file. This file is distributed on an \"AS IS\" BASIS, WITHOUT WARRANTIES OR CONDITIONS OF ANY KIND, either express or implied. See the License for the specific language governing permissions and limitations under the License."," */","","\"use strict\";","","// Util functions for generating valid SSML from plain text","// ========================================================","","var ssml = {","  fromStr: function(str, current_ssml) {","    // remove any <speak> tags from the input string, if they exist. There can only be one set of <speak> tags.","    str = str || \"\";","    str = str.replace(/<speak>/gi, \" \").replace(/<\\/speak>/gi, \" \").trim();","","    // and remove them from the concatenated string, if exists","    current_ssml = current_ssml || \"\";","    current_ssml = current_ssml.replace(/<speak>/gi, \" \").replace(/<\\/speak>/gi, \" \").trim();","","    //TODO: Need a library with how to easily construct these statements with appropriate spacing, etc.","    //TODO: make sure all attribute values are surrounded by \"...\"","    var ssml_str = \"<speak>\" + current_ssml + (current_ssml === \"\" ? \"\" : \" \") + str + \"</speak>\";","","    return ssml_str.replace(/  +/, \" \");","  },","  cleanse: function(str) {","    // <p> is left in place to support intended HTML output","    return str.replace(/<\\/?(speak|break|phoneme|audio|say-as|s\\b|w\\b)[^>]*>/gi, \" \")","      .replace(/\\s*\\n\\s*/g, \"\\n\")","      .replace(/  +/g, \" \")","      .replace(/ ([.,!?;:])/g, \"$1\")","      .trim();","  }","};","","module.change_code = 1;","module.exports = ssml;",""],"l":{"16":1,"19":0,"20":0,"23":0,"24":0,"28":0,"30":0,"34":0,"42":1,"43":1}},"/home/travis/build/npmtest/node-npmtest-alexa-app/node_modules/alexa-app/lib/normalize-api-path.js":{"path":"/home/travis/build/npmtest/node-npmtest-alexa-app/node_modules/alexa-app/lib/normalize-api-path.js","s":{"1":1,"2":1,"3":0},"b":{},"f":{"1":0},"fnMap":{"1":{"name":"normalizeApiPath","line":5,"loc":{"start":{"line":5,"column":17},"end":{"line":5,"column":52}}}},"statementMap":{"1":{"start":{"line":3,"column":0},"end":{"line":3,"column":27}},"2":{"start":{"line":5,"column":0},"end":{"line":7,"column":2}},"3":{"start":{"line":6,"column":2},"end":{"line":6,"column":61}}},"branchMap":{},"code":["\"use strict\";","","var path = require('path');","","module.exports = function normalizeApiPath(apiPath) {","  return path.posix.normalize(path.posix.join('/', apiPath));","};",""],"l":{"3":1,"5":1,"6":0}}}